###############################################################
#  Generated by:      Cadence Innovus 21.18-s099_1
#  OS:                Linux x86_64(Host ID c2s)
#  Generated on:      Fri Jul 12 15:58:35 2024
#  Design:            single_port_ram
#  Command:           verifyConnectivity -type all -error 1000 -warning 50
###############################################################
Verify Connectivity Report is created on Fri Jul 12 15:58:35 2024



Net VDD_CORE, Pin Pin: pc3b01_1/VDD; Direction: INOUT; Use: POWER;: has an unconnected terminal at (1458.870, 789.200) (1486.250, 790.000)
Net VDD_CORE, Pin Pin: pc3b01_2/VDD; Direction: INOUT; Use: POWER;: has an unconnected terminal at (1458.870, 654.200) (1486.250, 655.000)
Net VDD_CORE, Pin Pin: pc3b01_3/VDD; Direction: INOUT; Use: POWER;: has an unconnected terminal at (1458.870, 519.200) (1486.250, 520.000)
Net VDD_CORE, Pin Pin: pc3b01_4/VDD; Direction: INOUT; Use: POWER;: has an unconnected terminal at (1458.870, 384.200) (1486.250, 385.000)
Net VDD_CORE, Pin Pin: pc3b01_5/VDD; Direction: INOUT; Use: POWER;: has an unconnected terminal at (725.000, 1458.870) (725.800, 1486.250)
Net VDD_CORE, Pin Pin: pc3b01_6/VDD; Direction: INOUT; Use: POWER;: has an unconnected terminal at (590.000, 1458.870) (590.800, 1486.250)
Net VDD_CORE, Pin Pin: pc3b01_7/VDD; Direction: INOUT; Use: POWER;: has an unconnected terminal at (455.000, 1458.870) (455.800, 1486.250)
Net VDD_CORE, Pin Pin: pc3b01_8/VDD; Direction: INOUT; Use: POWER;: has an unconnected terminal at (320.000, 1458.870) (320.800, 1486.250)
Net VDD_CORE, Pin Pin: pc3c01_1/VDD; Direction: INOUT; Use: POWER;: has an unconnected terminal at (384.370, 163.510) (385.000, 190.890)
Net VDD_CORE, Pin Pin: pc3d01_1/VDD; Direction: INOUT; Use: POWER;: has an unconnected terminal at (455.000, 172.080) (520.000, 183.060)
Net VDD_CORE, Pin Pin: pc3d01_2/VDD; Direction: INOUT; Use: POWER;: has an unconnected terminal at (590.000, 172.080) (655.000, 183.060)
Net VDD_CORE, Pin Pin: pc3d01_3/VDD; Direction: INOUT; Use: POWER;: has an unconnected terminal at (725.000, 172.080) (790.000, 183.060)
Net VDD_CORE, Pin Pin: pc3d01_4/VDD; Direction: INOUT; Use: POWER;: has an unconnected terminal at (172.080, 320.000) (183.060, 385.000)
Net VDD_CORE, Pin Pin: pc3d01_5/VDD; Direction: INOUT; Use: POWER;: has an unconnected terminal at (172.080, 455.000) (183.060, 520.000)
Net VDD_CORE, Pin Pin: pc3d01_6/VDD; Direction: INOUT; Use: POWER;: has an unconnected terminal at (172.080, 590.000) (183.060, 655.000)
Net VDD_CORE, Pin Pin: pc3d01_7/VDD; Direction: INOUT; Use: POWER;: has an unconnected terminal at (172.080, 725.000) (183.060, 790.000)
Net VDD_CORE, Pin Pin: pv0i_VSS_CORE_1/VDD; Direction: INOUT; Use: POWER;: has an unconnected terminal at (1059.200, 163.510) (1060.000, 190.890)
Net VDD_CORE, Pin Pin: pvda_VDDO_CORE_1/VDD; Direction: INOUT; Use: POWER;: has an unconnected terminal at (1194.200, 163.510) (1195.000, 190.890)
Net VDD_CORE, Pin Pin: pv0a_VSSO_CORE_1/VDD; Direction: INOUT; Use: POWER;: has an unconnected terminal at (1329.200, 163.510) (1330.000, 190.890)
Net VDD_CORE, Pin Pin: pv0i_VSS_CORE_2/VDD; Direction: INOUT; Use: POWER;: has an unconnected terminal at (1458.870, 1059.200) (1486.250, 1060.000)
Net VDD_CORE, Pin Pin: pvda_VDDO_CORE_2/VDD; Direction: INOUT; Use: POWER;: has an unconnected terminal at (1458.870, 1194.200) (1486.250, 1195.000)
Net VDD_CORE, Pin Pin: pv0a_VSSO_CORE_2/VDD; Direction: INOUT; Use: POWER;: has an unconnected terminal at (1458.870, 1329.200) (1486.250, 1330.000)
Net VDD_CORE, Pin Pin: pv0i_VSS_CORE_3/VDD; Direction: INOUT; Use: POWER;: has an unconnected terminal at (995.000, 1458.870) (995.800, 1486.250)
Net VDD_CORE, Pin Pin: pvda_VDDO_CORE_3/VDD; Direction: INOUT; Use: POWER;: has an unconnected terminal at (1130.000, 1458.870) (1130.800, 1486.250)
Net VDD_CORE, Pin Pin: pv0a_VSSO_CORE_3/VDD; Direction: INOUT; Use: POWER;: has an unconnected terminal at (1265.000, 1458.870) (1265.800, 1486.250)
Net VDD_CORE, Pin Pin: pv0i_VSS_CORE_4/VDD; Direction: INOUT; Use: POWER;: has an unconnected terminal at (163.510, 995.000) (190.890, 995.800)
Net VDD_CORE, Pin Pin: pvda_VDDO_CORE_4/VDD; Direction: INOUT; Use: POWER;: has an unconnected terminal at (163.510, 1130.000) (190.890, 1130.800)
Net VDD_CORE, Pin Pin: pv0a_VSSO_CORE_4/VDD; Direction: INOUT; Use: POWER;: has an unconnected terminal at (163.510, 1265.000) (190.890, 1265.800)
Net VDD_CORE: has special routes with opens at (61.000, 61.000) (1588.760, 1588.760)
Net VSS_CORE, Pin Pin: pc3b01_1/VSS; Direction: INOUT; Use: GROUND;: has an unconnected terminal at (1500.880, 789.200) (1519.070, 790.000)
Net VSS_CORE, Pin Pin: pc3b01_2/VSS; Direction: INOUT; Use: GROUND;: has an unconnected terminal at (1500.880, 654.200) (1519.070, 655.000)
Net VSS_CORE, Pin Pin: pc3b01_3/VSS; Direction: INOUT; Use: GROUND;: has an unconnected terminal at (1500.880, 519.200) (1519.070, 520.000)
Net VSS_CORE, Pin Pin: pc3b01_4/VSS; Direction: INOUT; Use: GROUND;: has an unconnected terminal at (1500.880, 384.200) (1519.070, 385.000)
Net VSS_CORE, Pin Pin: pc3b01_5/VSS; Direction: INOUT; Use: GROUND;: has an unconnected terminal at (725.000, 1500.880) (725.800, 1519.070)
Net VSS_CORE, Pin Pin: pc3b01_6/VSS; Direction: INOUT; Use: GROUND;: has an unconnected terminal at (590.000, 1500.880) (590.800, 1519.070)
Net VSS_CORE, Pin Pin: pc3b01_7/VSS; Direction: INOUT; Use: GROUND;: has an unconnected terminal at (455.000, 1500.880) (455.800, 1519.070)
Net VSS_CORE, Pin Pin: pc3b01_8/VSS; Direction: INOUT; Use: GROUND;: has an unconnected terminal at (320.000, 1500.880) (320.800, 1519.070)
Net VSS_CORE, Pin Pin: pc3c01_1/VSS; Direction: INOUT; Use: GROUND;: has an unconnected terminal at (384.370, 130.690) (385.000, 148.880)
Net VSS_CORE, Pin Pin: pc3d01_1/VSS; Direction: INOUT; Use: GROUND;: has an unconnected terminal at (455.000, 136.310) (520.000, 146.340)
Net VSS_CORE, Pin Pin: pc3d01_2/VSS; Direction: INOUT; Use: GROUND;: has an unconnected terminal at (590.000, 136.310) (655.000, 146.340)
Net VSS_CORE, Pin Pin: pc3d01_3/VSS; Direction: INOUT; Use: GROUND;: has an unconnected terminal at (725.000, 136.310) (790.000, 146.340)
Net VSS_CORE, Pin Pin: pc3d01_4/VSS; Direction: INOUT; Use: GROUND;: has an unconnected terminal at (136.310, 320.000) (146.340, 385.000)
Net VSS_CORE, Pin Pin: pc3d01_5/VSS; Direction: INOUT; Use: GROUND;: has an unconnected terminal at (136.310, 455.000) (146.340, 520.000)
Net VSS_CORE, Pin Pin: pc3d01_6/VSS; Direction: INOUT; Use: GROUND;: has an unconnected terminal at (136.310, 590.000) (146.340, 655.000)
Net VSS_CORE, Pin Pin: pc3d01_7/VSS; Direction: INOUT; Use: GROUND;: has an unconnected terminal at (136.310, 725.000) (146.340, 790.000)
Net VSS_CORE, Pin Pin: pvdi_VDD_CORE_1/VSS; Direction: INOUT; Use: GROUND;: has an unconnected terminal at (924.200, 130.690) (925.000, 148.880)
Net VSS_CORE, Pin Pin: pvda_VDDO_CORE_1/VSS; Direction: INOUT; Use: GROUND;: has an unconnected terminal at (1194.200, 130.690) (1195.000, 148.880)
Net VSS_CORE, Pin Pin: pv0a_VSSO_CORE_1/VSS; Direction: INOUT; Use: GROUND;: has an unconnected terminal at (1329.200, 130.690) (1330.000, 148.880)
Net VSS_CORE, Pin Pin: pvdi_VDD_CORE_2/VSS; Direction: INOUT; Use: GROUND;: has an unconnected terminal at (1500.880, 924.200) (1519.070, 925.000)
Net VSS_CORE, Pin Pin: pvda_VDDO_CORE_2/VSS; Direction: INOUT; Use: GROUND;: has an unconnected terminal at (1500.880, 1194.200) (1519.070, 1195.000)
Net VSS_CORE, Pin Pin: pv0a_VSSO_CORE_2/VSS; Direction: INOUT; Use: GROUND;: has an unconnected terminal at (1500.880, 1329.200) (1519.070, 1330.000)
Net VSS_CORE, Pin Pin: pvdi_VDD_CORE_3/VSS; Direction: INOUT; Use: GROUND;: has an unconnected terminal at (860.000, 1500.880) (860.800, 1519.070)
Net VSS_CORE, Pin Pin: pvda_VDDO_CORE_3/VSS; Direction: INOUT; Use: GROUND;: has an unconnected terminal at (1130.000, 1500.880) (1130.800, 1519.070)
Net VSS_CORE, Pin Pin: pv0a_VSSO_CORE_3/VSS; Direction: INOUT; Use: GROUND;: has an unconnected terminal at (1265.000, 1500.880) (1265.800, 1519.070)
Net VSS_CORE, Pin Pin: pvdi_VDD_CORE_4/VSS; Direction: INOUT; Use: GROUND;: has an unconnected terminal at (130.690, 860.000) (148.880, 860.800)
Net VSS_CORE, Pin Pin: pvda_VDDO_CORE_4/VSS; Direction: INOUT; Use: GROUND;: has an unconnected terminal at (130.690, 1130.000) (148.880, 1130.800)
Net VSS_CORE, Pin Pin: pv0a_VSSO_CORE_4/VSS; Direction: INOUT; Use: GROUND;: has an unconnected terminal at (130.690, 1265.000) (148.880, 1265.800)
Net VSS_CORE: has special routes with opens at (61.000, 61.000) (1588.760, 1588.760)
Net VDDO_CORE: no routing
Net VSSO_CORE: no routing

Begin Summary
    2 Problem(s) (IMPVFC-98): Net has no global routing and no special routing.
    56 Problem(s) (IMPVFC-96): Terminal(s) are not connected.
    2 Problem(s) (IMPVFC-200): Special Wires: Pieces of the net are not connected together.
    60 total info(s) created.
End Summary
