###############################################################
#  Generated by:      Cadence Tempus 21.17-s077_1
#  OS:                Linux x86_64(Host ID c2s)
#  Generated on:      Fri Jul 12 16:15:13 2024
#  Design:            single_port_ram
#  Command:           report_constraint -all_violators > reports/allviol.rpt
###############################################################
# format : frame 0 : split 0

max_delay/setup
---------------------------
No paths found

min_delay/hold
---------------------------
No paths found

Check type : clock_period
---------------------------
No paths found

Check type : skew
---------------------------
No paths found

Check type : pulse_width
---------------------------
 No violating Checks with given description found

Check type : max_transition
---------------------------
 No Violations found

Check type : min_transition
---------------------------
 No Violations found

Check type : max_capacitance
---------------------------
 No Violations found

Check type : min_capacitance
---------------------------
 No Violations found

Check type : max_fanout
---------------------------
 No Violations found

Check type : min_fanout
---------------------------
 No Violations found

Check type : pulse_clock_max_transition_rise_transitive_fanout
---------------------------
 No Violations found

Check type : pulse_clock_max_transition_fall_transitive_fanout
---------------------------
 No Violations found

Check type : pulse_clock_max_transition_rise
---------------------------
 No Violations found

Check type : pulse_clock_max_transition_fall
---------------------------
 No Violations found

Check type : pulse_clock_min_transition_rise_transitive_fanout
---------------------------
 No Violations found

Check type : pulse_clock_min_transition_fall_transitive_fanout
---------------------------
 No Violations found

Check type : pulse_clock_min_transition_rise
---------------------------
 No Violations found

Check type : pulse_clock_min_transition_fall
---------------------------
 No Violations found
