###############################################################
#  Generated by:      Cadence Tempus 21.17-s077_1
#  OS:                Linux x86_64(Host ID c2s)
#  Generated on:      Fri Jul 12 16:15:12 2024
#  Design:            single_port_ram
#  Command:           check_timing -verbose > ${reportDir}/check_timing.rpt
###############################################################
    -------------------------------------------------------------------------------  
                                 TIMING CHECK SUMMARY                                
    -------------------------------------------------------------------------------  
     Warning                            Warning Description              Number of   
                                                                         Warnings    
    -------------------------------------------------------------------------------  
    ideal_clock_waveform     Clock waveform is ideal                    2
    no_drive                 No drive assertion                         15
    no_input_delay           No input delay assertion with respect to clock   2
    -------------------------------------------------------------------------------
    ------------------------------------------  
               TIMING CHECK DETAIL              
    ------------------------------------------  
     Pin                              Warning   
    ------------------------------------------  
    clk_pad                          No drive assertion
    data_pad[7]                      No drive assertion
    addr_pad[3]                      No drive assertion
    data_pad[6]                      No drive assertion
    addr_pad[2]                      No drive assertion
    data_pad[5]                      No drive assertion
    addr_pad[1]                      No drive assertion
    data_pad[4]                      No drive assertion
    addr_pad[0]                      No drive assertion
    data_pad[3]                      No drive assertion
    data_pad[2]                      No drive assertion
    data_pad[1]                      No drive assertion
    data_pad[0]                      No drive assertion
    cs_pad                           No drive assertion
    we_pad                           No drive assertion
    cs_pad                           No input delay assertion with respect to clock
    we_pad                           No input delay assertion with respect to clock
    -----------------------------------------------------------------
    --------------------------------  
       TIMING CHECK IDEAL CLOCKS      
    --------------------------------  
     Clock Waveform                   
    --------------------------------  
    clk
    wr_vir_clk_i
    --------------------------------
