
*** Running vivado
    with args -log single_port_ram.vds -m64 -product Vivado -mode batch -messageDb vivado.pb -notrace -source single_port_ram.tcl


****** Vivado v2023.2 (64-bit)
  **** SW Build 4029153 on Fri Oct 13 20:13:54 MDT 2023
  **** IP Build 4028589 on Sat Oct 14 00:45:43 MDT 2023
  **** SharedData Build 4025554 on Tue Oct 10 17:18:54 MDT 2023
    ** Copyright 1986-2022 Xilinx, Inc. All Rights Reserved.
    ** Copyright 2022-2023 Advanced Micro Devices, Inc. All Rights Reserved.

source single_port_ram.tcl -notrace
create_project: Time (s): cpu = 00:00:06 ; elapsed = 00:00:06 . Memory (MB): peak = 1570.852 ; gain = 5.984 ; free physical = 13234 ; free virtual = 36052
Command: read_checkpoint -auto_incremental -incremental /run/media/user1/c2s/sriram/singlePortRAM/project_1/project_1.srcs/utils_1/imports/synth_1/single_port_ram.dcp
INFO: [Vivado 12-5825] Read reference checkpoint from /run/media/user1/c2s/sriram/singlePortRAM/project_1/project_1.srcs/utils_1/imports/synth_1/single_port_ram.dcp for incremental synthesis
INFO: [Vivado 12-7989] Please ensure there are no constraint changes
Command: synth_design -top single_port_ram -part xck24-ubva530-2LV-c
Starting synth_design
Attempting to get a license for feature 'Synthesis' and/or device 'xck24'
INFO: [Common 17-349] Got license for feature 'Synthesis' and/or device 'xck24'
INFO: [Designutils 20-5440] No compile time benefit to using incremental synthesis; A full resynthesis will be run
INFO: [Designutils 20-4379] Flow is switching to default flow due to incremental criteria not met. If you would like to alter this behaviour and have the flow terminate instead, please set the following parameter config_implementation {autoIncr.Synth.RejectBehavior Terminate}
INFO: [Synth 8-7079] Multithreading enabled for synth_design using a maximum of 4 processes.
INFO: [Synth 8-7078] Launching helper process for spawning children vivado processes
INFO: [Synth 8-7075] Helper process launched with PID 69442
---------------------------------------------------------------------------------
Starting Synthesize : Time (s): cpu = 00:00:04 ; elapsed = 00:00:04 . Memory (MB): peak = 1994.324 ; gain = 409.598 ; free physical = 12533 ; free virtual = 35351
---------------------------------------------------------------------------------
INFO: [Synth 8-6157] synthesizing module 'single_port_ram' [/run/media/user1/c2s/sriram/singlePortRAM/project_1/single_port_ram.v:1]
INFO: [Synth 8-6157] synthesizing module 'pc3c01' [/run/media/user1/c2s/sriram/singlePortRAM/project_1/pc3c01.v:37]
INFO: [Synth 8-6155] done synthesizing module 'pc3c01' (0#1) [/run/media/user1/c2s/sriram/singlePortRAM/project_1/pc3c01.v:37]
INFO: [Synth 8-6157] synthesizing module 'pc3d01' [/run/media/user1/c2s/sriram/singlePortRAM/project_1/pc3d01.v:37]
INFO: [Synth 8-6155] done synthesizing module 'pc3d01' (0#1) [/run/media/user1/c2s/sriram/singlePortRAM/project_1/pc3d01.v:37]
INFO: [Synth 8-6157] synthesizing module 'pc3b01' [/run/media/user1/c2s/sriram/singlePortRAM/project_1/pc3b01.v:37]
INFO: [Synth 8-6155] done synthesizing module 'pc3b01' (0#1) [/run/media/user1/c2s/sriram/singlePortRAM/project_1/pc3b01.v:37]
INFO: [Synth 8-6157] synthesizing module 'ram_mod' [/run/media/user1/c2s/sriram/singlePortRAM/project_1/ram_mod.v:1]
	Parameter ADDRWIDTH bound to: 4 - type: integer 
	Parameter DATAWIDTH bound to: 8 - type: integer 
	Parameter SIZE bound to: 16 - type: integer 
INFO: [Synth 8-6155] done synthesizing module 'ram_mod' (0#1) [/run/media/user1/c2s/sriram/singlePortRAM/project_1/ram_mod.v:1]
INFO: [Synth 8-6155] done synthesizing module 'single_port_ram' (0#1) [/run/media/user1/c2s/sriram/singlePortRAM/project_1/single_port_ram.v:1]
WARNING: [Synth 8-3848] Net o_data in module/entity single_port_ram does not have driver. [/run/media/user1/c2s/sriram/singlePortRAM/project_1/single_port_ram.v:24]
---------------------------------------------------------------------------------
Finished Synthesize : Time (s): cpu = 00:00:05 ; elapsed = 00:00:05 . Memory (MB): peak = 2069.293 ; gain = 484.566 ; free physical = 12450 ; free virtual = 35268
---------------------------------------------------------------------------------
---------------------------------------------------------------------------------
Finished Constraint Validation : Time (s): cpu = 00:00:06 ; elapsed = 00:00:06 . Memory (MB): peak = 2087.105 ; gain = 502.379 ; free physical = 12442 ; free virtual = 35260
---------------------------------------------------------------------------------
---------------------------------------------------------------------------------
Start Loading Part and Timing Information
---------------------------------------------------------------------------------
Loading part: xck24-ubva530-2LV-c
INFO: [Synth 8-6742] Reading net delay rules and data
---------------------------------------------------------------------------------
INFO: [Device 21-403] Loading part xck24-ubva530-2LV-c
Finished Loading Part and Timing Information : Time (s): cpu = 00:00:06 ; elapsed = 00:00:06 . Memory (MB): peak = 2104.016 ; gain = 519.289 ; free physical = 12436 ; free virtual = 35254
---------------------------------------------------------------------------------
INFO: [Synth 8-6904] The RAM "ram_mod:/mem_reg" of size (depth=16 x width=8) is automatically implemented using LUTRAM. BRAM implementation would be inefficient 
---------------------------------------------------------------------------------
Finished RTL Optimization Phase 2 : Time (s): cpu = 00:00:06 ; elapsed = 00:00:06 . Memory (MB): peak = 2104.016 ; gain = 519.289 ; free physical = 12427 ; free virtual = 35246
---------------------------------------------------------------------------------
No constraint files found.
---------------------------------------------------------------------------------
Start RTL Component Statistics 
---------------------------------------------------------------------------------
Detailed RTL Component Info : 
+---Registers : 
	                8 Bit    Registers := 1     
+---RAMs : 
	              128 Bit	(16 X 8 bit)          RAMs := 1     
+---Muxes : 
	   2 Input    8 Bit        Muxes := 1     
---------------------------------------------------------------------------------
Finished RTL Component Statistics 
---------------------------------------------------------------------------------
---------------------------------------------------------------------------------
Start Part Resource Summary
---------------------------------------------------------------------------------
Part Resources:
DSPs: 360 (col length:72)
BRAMs: 432 (col length: RAMB18 72 RAMB36 36)
---------------------------------------------------------------------------------
Finished Part Resource Summary
---------------------------------------------------------------------------------
No constraint files found.
---------------------------------------------------------------------------------
Start Cross Boundary and Area Optimization
---------------------------------------------------------------------------------
WARNING: [Synth 8-7080] Parallel synthesis criteria is not met
INFO: [Synth 8-6904] The RAM "single_port_ram/ram_1/mem_reg" of size (depth=16 x width=8) is automatically implemented using LUTRAM. BRAM implementation would be inefficient 
INFO: [Synth 8-6904] The RAM "single_port_ram/ram_1/mem_reg" of size (depth=16 x width=8) is automatically implemented using LUTRAM. BRAM implementation would be inefficient 
---------------------------------------------------------------------------------
Finished Cross Boundary and Area Optimization : Time (s): cpu = 00:00:10 ; elapsed = 00:00:11 . Memory (MB): peak = 2771.188 ; gain = 1186.461 ; free physical = 11774 ; free virtual = 34596
---------------------------------------------------------------------------------
No constraint files found.
---------------------------------------------------------------------------------
Start Timing Optimization
---------------------------------------------------------------------------------
---------------------------------------------------------------------------------
Finished Timing Optimization : Time (s): cpu = 00:00:11 ; elapsed = 00:00:11 . Memory (MB): peak = 2771.188 ; gain = 1186.461 ; free physical = 11774 ; free virtual = 34596
---------------------------------------------------------------------------------
---------------------------------------------------------------------------------
Start Technology Mapping
---------------------------------------------------------------------------------
---------------------------------------------------------------------------------
Finished Technology Mapping : Time (s): cpu = 00:00:11 ; elapsed = 00:00:11 . Memory (MB): peak = 2771.188 ; gain = 1186.461 ; free physical = 11774 ; free virtual = 34596
---------------------------------------------------------------------------------
---------------------------------------------------------------------------------
Start IO Insertion
---------------------------------------------------------------------------------
---------------------------------------------------------------------------------
Start Flattening Before IO Insertion
---------------------------------------------------------------------------------
---------------------------------------------------------------------------------
Finished Flattening Before IO Insertion
---------------------------------------------------------------------------------
---------------------------------------------------------------------------------
Start Final Netlist Cleanup
---------------------------------------------------------------------------------
---------------------------------------------------------------------------------
Finished Final Netlist Cleanup
---------------------------------------------------------------------------------
WARNING: [Synth 8-3295] tying undriven pin i_1:a to constant 0
WARNING: [Synth 8-3295] tying undriven pin i_2:a to constant 0
WARNING: [Synth 8-3295] tying undriven pin i_3:a to constant 0
WARNING: [Synth 8-3295] tying undriven pin i_4:a to constant 0
WARNING: [Synth 8-3295] tying undriven pin i_5:a to constant 0
WARNING: [Synth 8-3295] tying undriven pin i_6:a to constant 0
WARNING: [Synth 8-3295] tying undriven pin i_7:a to constant 0
WARNING: [Synth 8-3295] tying undriven pin i_8:a to constant 0
---------------------------------------------------------------------------------
Finished IO Insertion : Time (s): cpu = 00:00:14 ; elapsed = 00:00:14 . Memory (MB): peak = 2771.188 ; gain = 1186.461 ; free physical = 11772 ; free virtual = 34593
---------------------------------------------------------------------------------
---------------------------------------------------------------------------------
Start Renaming Generated Instances
---------------------------------------------------------------------------------
---------------------------------------------------------------------------------
Finished Renaming Generated Instances : Time (s): cpu = 00:00:14 ; elapsed = 00:00:14 . Memory (MB): peak = 2771.188 ; gain = 1186.461 ; free physical = 11772 ; free virtual = 34593
---------------------------------------------------------------------------------
---------------------------------------------------------------------------------
Start Rebuilding User Hierarchy
---------------------------------------------------------------------------------
---------------------------------------------------------------------------------
Finished Rebuilding User Hierarchy : Time (s): cpu = 00:00:14 ; elapsed = 00:00:14 . Memory (MB): peak = 2771.188 ; gain = 1186.461 ; free physical = 11772 ; free virtual = 34593
---------------------------------------------------------------------------------
---------------------------------------------------------------------------------
Start Renaming Generated Ports
---------------------------------------------------------------------------------
---------------------------------------------------------------------------------
Finished Renaming Generated Ports : Time (s): cpu = 00:00:14 ; elapsed = 00:00:14 . Memory (MB): peak = 2771.188 ; gain = 1186.461 ; free physical = 11772 ; free virtual = 34593
---------------------------------------------------------------------------------
---------------------------------------------------------------------------------
Start Handling Custom Attributes
---------------------------------------------------------------------------------
---------------------------------------------------------------------------------
Finished Handling Custom Attributes : Time (s): cpu = 00:00:14 ; elapsed = 00:00:14 . Memory (MB): peak = 2771.188 ; gain = 1186.461 ; free physical = 11772 ; free virtual = 34593
---------------------------------------------------------------------------------
---------------------------------------------------------------------------------
Start Renaming Generated Nets
---------------------------------------------------------------------------------
---------------------------------------------------------------------------------
Finished Renaming Generated Nets : Time (s): cpu = 00:00:14 ; elapsed = 00:00:14 . Memory (MB): peak = 2771.188 ; gain = 1186.461 ; free physical = 11772 ; free virtual = 34593
---------------------------------------------------------------------------------
---------------------------------------------------------------------------------
Start Writing Synthesis Report
---------------------------------------------------------------------------------

Report BlackBoxes: 
+-+--------------+----------+
| |BlackBox name |Instances |
+-+--------------+----------+
+-+--------------+----------+

Report Cell Usage: 
+------+------+------+
|      |Cell  |Count |
+------+------+------+
|1     |LUT1  |     1|
|2     |IBUF  |     1|
|3     |OBUFT |     8|
+------+------+------+

Report Instance Areas: 
+------+---------+-------+------+
|      |Instance |Module |Cells |
+------+---------+-------+------+
|1     |top      |       |    10|
+------+---------+-------+------+
---------------------------------------------------------------------------------
Finished Writing Synthesis Report : Time (s): cpu = 00:00:14 ; elapsed = 00:00:14 . Memory (MB): peak = 2771.188 ; gain = 1186.461 ; free physical = 11772 ; free virtual = 34593
---------------------------------------------------------------------------------
Synthesis finished with 0 errors, 0 critical warnings and 10 warnings.
Synthesis Optimization Runtime : Time (s): cpu = 00:00:14 ; elapsed = 00:00:15 . Memory (MB): peak = 2771.188 ; gain = 1186.461 ; free physical = 11771 ; free virtual = 34593
Synthesis Optimization Complete : Time (s): cpu = 00:00:14 ; elapsed = 00:00:15 . Memory (MB): peak = 2771.195 ; gain = 1186.461 ; free physical = 11771 ; free virtual = 34593
INFO: [Project 1-571] Translating synthesized netlist
Netlist sorting complete. Time (s): cpu = 00:00:00 ; elapsed = 00:00:00 . Memory (MB): peak = 2771.195 ; gain = 0.000 ; free physical = 12050 ; free virtual = 34872
INFO: [Netlist 29-17] Analyzing 1 Unisim elements for replacement
INFO: [Netlist 29-28] Unisim Transformation completed in 0 CPU seconds
INFO: [Project 1-570] Preparing netlist for logic optimization
INFO: [Opt 31-138] Pushed 0 inverter(s) to 0 load pin(s).
Netlist sorting complete. Time (s): cpu = 00:00:00 ; elapsed = 00:00:00 . Memory (MB): peak = 2771.195 ; gain = 0.000 ; free physical = 12042 ; free virtual = 34864
INFO: [Project 1-111] Unisim Transformation Summary:
  A total of 1 instances were transformed.
  IBUF => IBUF (IBUFCTRL, INBUF): 1 instance 

Synth Design complete | Checksum: c469c010
INFO: [Common 17-83] Releasing license: Synthesis
30 Infos, 10 Warnings, 0 Critical Warnings and 0 Errors encountered.
synth_design completed successfully
synth_design: Time (s): cpu = 00:00:18 ; elapsed = 00:00:16 . Memory (MB): peak = 2771.223 ; gain = 1197.402 ; free physical = 12042 ; free virtual = 34864
INFO: [Common 17-2834] synth_design peak Physical Memory [PSS] (MB): overall = 2184.891; main = 1871.928; forked = 377.312
INFO: [Common 17-2834] synth_design peak Virtual Memory [VSS] (MB): overall = 4384.590; main = 2771.191; forked = 1613.398
Write ShapeDB Complete: Time (s): cpu = 00:00:00 ; elapsed = 00:00:00 . Memory (MB): peak = 2795.199 ; gain = 0.000 ; free physical = 12043 ; free virtual = 34864
INFO: [Common 17-1381] The checkpoint '/run/media/user1/c2s/sriram/singlePortRAM/project_1/project_1.runs/synth_1/single_port_ram.dcp' has been generated.
INFO: [runtcl-4] Executing : report_utilization -file single_port_ram_utilization_synth.rpt -pb single_port_ram_utilization_synth.pb
INFO: [Common 17-206] Exiting Vivado at Wed Jul 10 15:55:42 2024...
