
Cadence Innovus(TM) Implementation System.
Copyright 2021 Cadence Design Systems, Inc. All rights reserved worldwide.

Version:	v21.18-s099_1, built Tue Jul 18 13:03:50 PDT 2023
Options:	
Date:		Fri Jul 12 15:06:19 2024
Host:		c2s (x86_64 w/Linux 4.18.0-513.24.1.el8_9.x86_64) (4cores*8cpus*Intel(R) Xeon(R) CPU E5-1620 v3 @ 3.50GHz 10240KB)
OS:		Red Hat Enterprise Linux 8.9 (Ootpa)

License:
		[15:06:19.275889] Configured Lic search path (21.01-s002): 5280@14.139.1.126

		invs	Innovus Implementation System	21.1	checkout succeeded
		8 CPU jobs allowed with the current license(s). Use setMultiCpuUsage to set your required CPU count.
Change the soft stacksize limit to 0.2%RAM (63 mbytes). Set global soft_stack_size_limit to change the value.

**INFO:  MMMC transition support version v31-84 

<CMD> set_global _enable_mmmc_by_default_flow      $CTE::mmmc_default
<CMD> suppressMessage ENCEXT-2799
<CMD> win
<CMD> zoomBox -0.01900 -0.01100 0.11300 0.10700
<CMD> encMessage warning 0
Suppress "**WARN ..." messages.
<CMD> encMessage debug 0
<CMD> is_common_ui_mode
<CMD> restoreDesign /run/media/user1/c2s/sriram/singlePortRAM/10_singlePortRAM_Floorplanning/FloorPlanning/single_port_ram_fp_filler.enc.dat single_port_ram
#% Begin load design ... (date=07/12 15:07:03, mem=1019.4M)
Loading design 'single_port_ram' saved by 'Innovus' '21.18-s099_1' on 'Fri Jul 12 15:05:05 2024'.
% Begin Load MMMC data ... (date=07/12 15:07:03, mem=1023.2M)
% End Load MMMC data ... (date=07/12 15:07:03, total cpu=0:00:00.0, real=0:00:00.0, peak res=1023.2M, current mem=1023.0M)
rc_best rc_worst

Loading LEF file /run/media/user1/c2s/sriram/singlePortRAM/10_singlePortRAM_Floorplanning/FloorPlanning/single_port_ram_fp_filler.enc.dat/libs/lef/tsl180l4.lef ...

Loading LEF file /run/media/user1/c2s/sriram/singlePortRAM/10_singlePortRAM_Floorplanning/FloorPlanning/single_port_ram_fp_filler.enc.dat/libs/lef/tsl18fs120_scl.lef ...
Set DBUPerIGU to M2 pitch 560.

Loading LEF file /run/media/user1/c2s/sriram/singlePortRAM/10_singlePortRAM_Floorplanning/FloorPlanning/single_port_ram_fp_filler.enc.dat/libs/lef/tsl18cio150_4lm.lef ...
**WARN: (IMPLF-200):	Pin 'PAD' in macro 'apc3d01' has no ANTENNAGATEAREA value defined. The library data is incomplete and some process antenna rules will not be checked correctly.
Type 'man IMPLF-200' for more detail.
**WARN: (IMPLF-200):	Pin 'PAD' in macro 'pc3b01' has no ANTENNAGATEAREA value defined. The library data is incomplete and some process antenna rules will not be checked correctly.
Type 'man IMPLF-200' for more detail.
**WARN: (IMPLF-200):	Pin 'PAD' in macro 'pc3b01d' has no ANTENNAGATEAREA value defined. The library data is incomplete and some process antenna rules will not be checked correctly.
Type 'man IMPLF-200' for more detail.
**WARN: (IMPLF-200):	Pin 'PAD' in macro 'pc3b01u' has no ANTENNAGATEAREA value defined. The library data is incomplete and some process antenna rules will not be checked correctly.
Type 'man IMPLF-200' for more detail.
**WARN: (IMPLF-200):	Pin 'PAD' in macro 'pc3b02' has no ANTENNAGATEAREA value defined. The library data is incomplete and some process antenna rules will not be checked correctly.
Type 'man IMPLF-200' for more detail.
**WARN: (IMPLF-200):	Pin 'PAD' in macro 'pc3b02d' has no ANTENNAGATEAREA value defined. The library data is incomplete and some process antenna rules will not be checked correctly.
Type 'man IMPLF-200' for more detail.
**WARN: (IMPLF-200):	Pin 'PAD' in macro 'pc3b02u' has no ANTENNAGATEAREA value defined. The library data is incomplete and some process antenna rules will not be checked correctly.
Type 'man IMPLF-200' for more detail.
**WARN: (IMPLF-200):	Pin 'PAD' in macro 'pc3b03' has no ANTENNAGATEAREA value defined. The library data is incomplete and some process antenna rules will not be checked correctly.
Type 'man IMPLF-200' for more detail.
**WARN: (IMPLF-200):	Pin 'PAD' in macro 'pc3b03d' has no ANTENNAGATEAREA value defined. The library data is incomplete and some process antenna rules will not be checked correctly.
Type 'man IMPLF-200' for more detail.
**WARN: (IMPLF-200):	Pin 'PAD' in macro 'pc3b03ed' has no ANTENNAGATEAREA value defined. The library data is incomplete and some process antenna rules will not be checked correctly.
Type 'man IMPLF-200' for more detail.
**WARN: (IMPLF-200):	Pin 'PAD' in macro 'pc3b03u' has no ANTENNAGATEAREA value defined. The library data is incomplete and some process antenna rules will not be checked correctly.
Type 'man IMPLF-200' for more detail.
**WARN: (IMPLF-200):	Pin 'PAD' in macro 'pc3b04' has no ANTENNAGATEAREA value defined. The library data is incomplete and some process antenna rules will not be checked correctly.
Type 'man IMPLF-200' for more detail.
**WARN: (IMPLF-200):	Pin 'PAD' in macro 'pc3b04d' has no ANTENNAGATEAREA value defined. The library data is incomplete and some process antenna rules will not be checked correctly.
Type 'man IMPLF-200' for more detail.
**WARN: (IMPLF-200):	Pin 'PAD' in macro 'pc3b04u' has no ANTENNAGATEAREA value defined. The library data is incomplete and some process antenna rules will not be checked correctly.
Type 'man IMPLF-200' for more detail.
**WARN: (IMPLF-200):	Pin 'PAD' in macro 'pc3b05' has no ANTENNAGATEAREA value defined. The library data is incomplete and some process antenna rules will not be checked correctly.
Type 'man IMPLF-200' for more detail.
**WARN: (IMPLF-200):	Pin 'PAD' in macro 'pc3b05d' has no ANTENNAGATEAREA value defined. The library data is incomplete and some process antenna rules will not be checked correctly.
Type 'man IMPLF-200' for more detail.
**WARN: (IMPLF-200):	Pin 'PAD' in macro 'pc3b05u' has no ANTENNAGATEAREA value defined. The library data is incomplete and some process antenna rules will not be checked correctly.
Type 'man IMPLF-200' for more detail.
**WARN: (IMPLF-200):	Pin 'PAD' in macro 'pc3b21eu' has no ANTENNAGATEAREA value defined. The library data is incomplete and some process antenna rules will not be checked correctly.
Type 'man IMPLF-200' for more detail.
**WARN: (IMPLF-200):	Pin 'PAD' in macro 'pc3b25eu' has no ANTENNAGATEAREA value defined. The library data is incomplete and some process antenna rules will not be checked correctly.
Type 'man IMPLF-200' for more detail.
**WARN: (IMPLF-200):	Pin 'PAD' in macro 'pc3d00' has no ANTENNAGATEAREA value defined. The library data is incomplete and some process antenna rules will not be checked correctly.
Type 'man IMPLF-200' for more detail.
**WARN: (EMS-27):	Message (IMPLF-200) has exceeded the current message display limit of 20.
To increase the message display limit, refer to the product command reference manual.

##  Check design process and node:  
##  Both design process and tech node are not set.

Loading view definition file from /run/media/user1/c2s/sriram/singlePortRAM/10_singlePortRAM_Floorplanning/FloorPlanning/single_port_ram_fp_filler.enc.dat/viewDefinition.tcl
Reading max_timing timing library '/run/media/user1/c2s/sriram/SCLPDK/scl_pdk/stdlib/fs120/liberty/lib_flow_ss/tsl18fs120_scl_ss.lib' ...
Both ff/latch and statetable are present in cell 'lanht4'. Only ff/latch will be used to model sequential cell behavior and statetable will be ignored (File /run/media/user1/c2s/sriram/SCLPDK/scl_pdk/stdlib/fs120/liberty/lib_flow_ss/tsl18fs120_scl_ss.lib, Line 104953)
Both ff/latch and statetable are present in cell 'lanht2'. Only ff/latch will be used to model sequential cell behavior and statetable will be ignored (File /run/media/user1/c2s/sriram/SCLPDK/scl_pdk/stdlib/fs120/liberty/lib_flow_ss/tsl18fs120_scl_ss.lib, Line 157476)
Both ff/latch and statetable are present in cell 'lanht1'. Only ff/latch will be used to model sequential cell behavior and statetable will be ignored (File /run/media/user1/c2s/sriram/SCLPDK/scl_pdk/stdlib/fs120/liberty/lib_flow_ss/tsl18fs120_scl_ss.lib, Line 288762)
Read 534 cells in library 'tsl18fs120_scl_ss' 
Reading max_timing timing library '/run/media/user1/c2s/sriram/SCLPDK/scl_pdk/iolib/cio150/synopsys/2002.05/models/tsl18cio150_max.lib' ...
Read 93 cells in library 'tsl18cio150_max' 
Reading min_timing timing library '/run/media/user1/c2s/sriram/SCLPDK/scl_pdk/stdlib/fs120/liberty/lib_flow_ff/tsl18fs120_scl_ff.lib' ...
Both ff/latch and statetable are present in cell 'lanht4'. Only ff/latch will be used to model sequential cell behavior and statetable will be ignored (File /run/media/user1/c2s/sriram/SCLPDK/scl_pdk/stdlib/fs120/liberty/lib_flow_ff/tsl18fs120_scl_ff.lib, Line 104965)
Both ff/latch and statetable are present in cell 'lanht2'. Only ff/latch will be used to model sequential cell behavior and statetable will be ignored (File /run/media/user1/c2s/sriram/SCLPDK/scl_pdk/stdlib/fs120/liberty/lib_flow_ff/tsl18fs120_scl_ff.lib, Line 157496)
Both ff/latch and statetable are present in cell 'lanht1'. Only ff/latch will be used to model sequential cell behavior and statetable will be ignored (File /run/media/user1/c2s/sriram/SCLPDK/scl_pdk/stdlib/fs120/liberty/lib_flow_ff/tsl18fs120_scl_ff.lib, Line 288805)
Read 534 cells in library 'tsl18fs120_scl_ff' 
Reading min_timing timing library '/run/media/user1/c2s/sriram/SCLPDK/scl_pdk/iolib/cio150/synopsys/2002.05/models/tsl18cio150_min.lib' ...
Read 93 cells in library 'tsl18cio150_min' 
Starting consistency checks on late and early library sets of delay corner 'max_delay'
late library set: max_timing
early library set: min_timing
Completed consistency checks. Status: Successful
Starting consistency checks on late and early library sets of delay corner 'min_delay'
late library set: max_timing
early library set: min_timing
Completed consistency checks. Status: Successful
*** End library_loading (cpu=0.02min, real=0.03min, mem=36.9M, fe_cpu=0.34min, fe_real=0.77min, fe_mem=1120.9M) ***
% Begin Load netlist data ... (date=07/12 15:07:05, mem=1048.5M)
*** Begin netlist parsing (mem=1120.9M) ***
**WARN: (IMPVL-159):	Pin 'VDD' of cell 'aoim22d1' is defined in LEF but not in the timing library.
Type 'man IMPVL-159' for more detail.
**WARN: (IMPVL-159):	Pin 'VSS' of cell 'aoim22d1' is defined in LEF but not in the timing library.
Type 'man IMPVL-159' for more detail.
**WARN: (IMPVL-159):	Pin 'VDD' of cell 'or04d2' is defined in LEF but not in the timing library.
Type 'man IMPVL-159' for more detail.
**WARN: (IMPVL-159):	Pin 'VSS' of cell 'or04d2' is defined in LEF but not in the timing library.
Type 'man IMPVL-159' for more detail.
**WARN: (IMPVL-159):	Pin 'VDD' of cell 'an02d1' is defined in LEF but not in the timing library.
Type 'man IMPVL-159' for more detail.
**WARN: (IMPVL-159):	Pin 'VSS' of cell 'an02d1' is defined in LEF but not in the timing library.
Type 'man IMPVL-159' for more detail.
**WARN: (IMPVL-159):	Pin 'VDD' of cell 'nd02da' is defined in LEF but not in the timing library.
Type 'man IMPVL-159' for more detail.
**WARN: (IMPVL-159):	Pin 'VSS' of cell 'nd02da' is defined in LEF but not in the timing library.
Type 'man IMPVL-159' for more detail.
**WARN: (IMPVL-159):	Pin 'VDD' of cell 'dl03d2' is defined in LEF but not in the timing library.
Type 'man IMPVL-159' for more detail.
**WARN: (IMPVL-159):	Pin 'VSS' of cell 'dl03d2' is defined in LEF but not in the timing library.
Type 'man IMPVL-159' for more detail.
**WARN: (IMPVL-159):	Pin 'VDD' of cell 'invtd7' is defined in LEF but not in the timing library.
Type 'man IMPVL-159' for more detail.
**WARN: (IMPVL-159):	Pin 'VSS' of cell 'invtd7' is defined in LEF but not in the timing library.
Type 'man IMPVL-159' for more detail.
**WARN: (IMPVL-159):	Pin 'VDD' of cell 'slnht2' is defined in LEF but not in the timing library.
Type 'man IMPVL-159' for more detail.
**WARN: (IMPVL-159):	Pin 'VSS' of cell 'slnht2' is defined in LEF but not in the timing library.
Type 'man IMPVL-159' for more detail.
**WARN: (IMPVL-159):	Pin 'VDD' of cell 'aoim22d2' is defined in LEF but not in the timing library.
Type 'man IMPVL-159' for more detail.
**WARN: (IMPVL-159):	Pin 'VSS' of cell 'aoim22d2' is defined in LEF but not in the timing library.
Type 'man IMPVL-159' for more detail.
**WARN: (IMPVL-159):	Pin 'VDD' of cell 'mffnrb2' is defined in LEF but not in the timing library.
Type 'man IMPVL-159' for more detail.
**WARN: (IMPVL-159):	Pin 'VSS' of cell 'mffnrb2' is defined in LEF but not in the timing library.
Type 'man IMPVL-159' for more detail.
**WARN: (IMPVL-159):	Pin 'VDD' of cell 'nr03d7' is defined in LEF but not in the timing library.
Type 'man IMPVL-159' for more detail.
**WARN: (IMPVL-159):	Pin 'VSS' of cell 'nr03d7' is defined in LEF but not in the timing library.
Type 'man IMPVL-159' for more detail.
**WARN: (EMS-27):	Message (IMPVL-159) has exceeded the current message display limit of 20.
To increase the message display limit, refer to the product command reference manual.
Pin 'VDD' of cell 'pvdi' is declared as power/ground in LEF but as signal in timing library.  Treat it as power/ground.
Pin 'VDDC' of cell 'pvdc' is declared as power/ground in LEF but as signal in timing library.  Treat it as power/ground.
Pin 'VDDO' of cell 'pvda' is declared as power/ground in LEF but as signal in timing library.  Treat it as power/ground.
Pin 'VSS' of cell 'pv0i' is declared as power/ground in LEF but as signal in timing library.  Treat it as power/ground.
Pin 'VSS' of cell 'pv0f' is declared as power/ground in LEF but as signal in timing library.  Treat it as power/ground.
Pin 'VSSC' of cell 'pv0c' is declared as power/ground in LEF but as signal in timing library.  Treat it as power/ground.
Pin 'VSSO' of cell 'pv0a' is declared as power/ground in LEF but as signal in timing library.  Treat it as power/ground.
Pin 'AVDD' of cell 'apvdi' is declared as power/ground in LEF but as signal in timing library.  Treat it as power/ground.
Pin 'AVDDO' of cell 'apvda' is declared as power/ground in LEF but as signal in timing library.  Treat it as power/ground.
Pin 'AVSS' of cell 'apv0i' is declared as power/ground in LEF but as signal in timing library.  Treat it as power/ground.
Pin 'AVSSO' of cell 'apv0a' is declared as power/ground in LEF but as signal in timing library.  Treat it as power/ground.
Created 627 new cells from 4 timing libraries.
Reading netlist ...
Backslashed names will retain backslash and a trailing blank character.
Reading verilogBinary netlist '/run/media/user1/c2s/sriram/singlePortRAM/10_singlePortRAM_Floorplanning/FloorPlanning/single_port_ram_fp_filler.enc.dat/single_port_ram.v.bin'

*** Memory Usage v#1 (Current mem = 1126.945M, initial mem = 486.988M) ***
*** End netlist parsing (cpu=0:00:00.0, real=0:00:00.0, mem=1126.9M) ***
% End Load netlist data ... (date=07/12 15:07:05, total cpu=0:00:00.0, real=0:00:00.0, peak res=1067.2M, current mem=1067.2M)
Top level cell is single_port_ram.
Starting consistency checks on late and early library sets of delay corner 'max_delay'
late library set: max_timing
early library set: min_timing
Completed consistency checks. Status: Successful
Starting consistency checks on late and early library sets of delay corner 'min_delay'
late library set: max_timing
early library set: min_timing
Completed consistency checks. Status: Successful
Hooked 1254 DB cells to tlib cells.
Starting recursive module instantiation check.
No recursion found.
Building hierarchical netlist for Cell single_port_ram ...
*** Netlist is unique.
** info: there are 1286 modules.
** info: there are 420 stdCell insts.
** info: there are 32 Pad insts.

*** Memory Usage v#1 (Current mem = 1172.359M, initial mem = 486.988M) ***
*info: set bottom ioPad orient R0
Reading IO assignment file "/run/media/user1/c2s/sriram/singlePortRAM/10_singlePortRAM_Floorplanning/FloorPlanning/single_port_ram_fp_filler.enc.dat/libs/iofile/ram.io" ...
Adjusting Core to Left to: 215.3600. Core to Bottom to: 215.3600.
**WARN: (IMPFP-3961):	The techSite 'CO_MSTR_c' has no related standard cells in the LEF/OA library. The calculations for this site type cannot be made unless standard cell models of this type exist in the LEF/OA library. Ignore this warning if the SITE is not used by the library. Alternatively, remove the SITE definition for the LEF/OA library to avoid this message.
Type 'man IMPFP-3961' for more detail.
**WARN: (IMPFP-3961):	The techSite 'IOSite_c' has no related standard cells in the LEF/OA library. The calculations for this site type cannot be made unless standard cell models of this type exist in the LEF/OA library. Ignore this warning if the SITE is not used by the library. Alternatively, remove the SITE definition for the LEF/OA library to avoid this message.
Type 'man IMPFP-3961' for more detail.
Horizontal Layer M1 offset = 0 (derived)
Vertical Layer M2 offset = 280 (derived)
Start create_tracks
Generated pitch 0.56 in M3 is different from 0.84 defined in technology file in preferred direction.
Pre-connect netlist-defined P/G connections...
  Updated 16 instances.
Loading preference file /run/media/user1/c2s/sriram/singlePortRAM/10_singlePortRAM_Floorplanning/FloorPlanning/single_port_ram_fp_filler.enc.dat/gui.pref.tcl ...
Change floorplan default-technical-site to 'CoreSite'.
*Info: initialize multi-corner CTS.
Total number of combinational cells: 321
Total number of sequential cells: 203
Total number of tristate cells: 10
Total number of level shifter cells: 0
Total number of power gating cells: 0
Total number of isolation cells: 0
Total number of power switch cells: 0
Total number of pulse generator cells: 0
Total number of always on buffers: 0
Total number of retention cells: 0
Total number of physical cells: 0
List of usable buffers: bufbd7 buffd2 bufbdf buffda buffd3 bufbda buffd4 bufbd4 bufbd1 bufbd3 buffd7 buffd1 bufbd2
Total number of usable buffers: 13
List of unusable buffers:
Total number of unusable buffers: 0
List of usable inverters: inv0d2 inv0da invbda invbdk inv0d1 inv0d7 invbd4 inv0d0 invbd2 inv0d4 invbd7 invbdf
Total number of usable inverters: 12
List of unusable inverters:
Total number of unusable inverters: 0
List of identified usable delay cells: dl04d1 dl03d1 dl02d2 dl03d4 dl04d2 dl02d1 dl01d4 bufbdk dl04d4 dl02d4 dl01d2 dl01d1 dl03d2
Total number of identified usable delay cells: 13
List of identified unusable delay cells:
Total number of identified unusable delay cells: 0
Reading floorplan file - /run/media/user1/c2s/sriram/singlePortRAM/10_singlePortRAM_Floorplanning/FloorPlanning/single_port_ram_fp_filler.enc.dat/single_port_ram.fp.gz (mem = 1455.9M).
% Begin Load floorplan data ... (date=07/12 15:07:05, mem=1382.6M)
*info: reset 455 existing net BottomPreferredLayer and AvoidDetour
Pre-connect netlist-defined P/G connections...
  Updated 16 instances.
Deleting old partition specification.
Set FPlanBox to (0 0 1649760 1649760)
**WARN: (IMPFP-3961):	The techSite 'CO_MSTR_c' has no related standard cells in the LEF/OA library. The calculations for this site type cannot be made unless standard cell models of this type exist in the LEF/OA library. Ignore this warning if the SITE is not used by the library. Alternatively, remove the SITE definition for the LEF/OA library to avoid this message.
Type 'man IMPFP-3961' for more detail.
**WARN: (IMPFP-3961):	The techSite 'IOSite_c' has no related standard cells in the LEF/OA library. The calculations for this site type cannot be made unless standard cell models of this type exist in the LEF/OA library. Ignore this warning if the SITE is not used by the library. Alternatively, remove the SITE definition for the LEF/OA library to avoid this message.
Type 'man IMPFP-3961' for more detail.
Horizontal Layer M1 offset = 0 (derived)
Vertical Layer M2 offset = 280 (derived)
Start create_tracks
Generated pitch 0.56 in M3 is different from 0.84 defined in technology file in preferred direction.
 ... processed partition successfully.
Reading binary special route file /run/media/user1/c2s/sriram/singlePortRAM/10_singlePortRAM_Floorplanning/FloorPlanning/single_port_ram_fp_filler.enc.dat/single_port_ram.fp.spr.gz (Created by Innovus v21.18-s099_1 on Fri Jul 12 15:05:04 2024, version: 1)
Convert 0 swires and 0 svias from compressed groups
0 swires and 0 svias were compressed
0 swires and 0 svias were decompressed from small or sparse groups
Ending "Read special route file" (total cpu=0:00:00.0, real=0:00:00.0, peak res=1382.6M, current mem=1382.6M)
There are 192 io inst loaded
Extracting standard cell pins and blockage ...... 
Pin and blockage extraction finished
% End Load floorplan data ... (date=07/12 15:07:06, total cpu=0:00:00.0, real=0:00:01.0, peak res=1385.0M, current mem=1385.0M)
Reading congestion map file /run/media/user1/c2s/sriram/singlePortRAM/10_singlePortRAM_Floorplanning/FloorPlanning/single_port_ram_fp_filler.enc.dat/single_port_ram.route.congmap.gz ...
% Begin Load SymbolTable ... (date=07/12 15:07:06, mem=1385.2M)
% End Load SymbolTable ... (date=07/12 15:07:06, total cpu=0:00:00.0, real=0:00:00.0, peak res=1385.9M, current mem=1385.9M)
Loading place ...
% Begin Load placement data ... (date=07/12 15:07:06, mem=1385.9M)
Reading placement file - /run/media/user1/c2s/sriram/singlePortRAM/10_singlePortRAM_Floorplanning/FloorPlanning/single_port_ram_fp_filler.enc.dat/single_port_ram.place.gz.
** Reading stdCellPlacement_binary (Created by Innovus v21.18-s099_1 on Fri Jul 12 15:05:04 2024, version# 2) ...
Read Views for adaptive view pruning ...
Read 0 views from Binary DB for adaptive view pruning
*** Completed restorePlace (cpu=0:00:00.0 real=0:00:00.0 mem=1459.9M) ***
Total net length = 4.172e+03 (1.972e+03 2.201e+03) (ext = 0.000e+00)
% End Load placement data ... (date=07/12 15:07:06, total cpu=0:00:00.0, real=0:00:00.0, peak res=1386.1M, current mem=1386.0M)
% Begin Load routing data ... (date=07/12 15:07:06, mem=1386.0M)
Reading routing file - /run/media/user1/c2s/sriram/singlePortRAM/10_singlePortRAM_Floorplanning/FloorPlanning/single_port_ram_fp_filler.enc.dat/single_port_ram.route.gz.
Reading Innovus routing data (Created by Innovus v21.18-s099_1 on Fri Jul 12 15:05:04 2024 Format: 20.1) ...
*** Total 455 nets are successfully restored.
*** Completed restoreRoute (cpu=0:00:00.0 real=0:00:00.0 mem=1456.9M) ***
% End Load routing data ... (date=07/12 15:07:06, total cpu=0:00:00.0, real=0:00:00.0, peak res=1387.2M, current mem=1386.3M)
TAT_INFO: restoreCongMap REAL = 0 : CPU = 0 : MEM = 0.
Reading property file /run/media/user1/c2s/sriram/singlePortRAM/10_singlePortRAM_Floorplanning/FloorPlanning/single_port_ram_fp_filler.enc.dat/single_port_ram.prop
*** Completed restoreProperty (cpu=0:00:00.0 real=0:00:00.0 mem=1459.9M) ***
Extraction setup Started 
Initializing multi-corner RC extraction with 2 active RC Corners ...
Reading Capacitance Table File /run/media/user1/c2s/sriram/singlePortRAM/10_singlePortRAM_Floorplanning/FloorPlanning/single_port_ram_fp_filler.enc.dat/libs/mmmc/SCL_NEW_26092019_basic.CapTbl ...
Process name: DIFFERENT_KINDS_OF_DIELECTRIC.
**WARN: (IMPEXT-2662):	Cap table /run/media/user1/c2s/sriram/singlePortRAM/10_singlePortRAM_Floorplanning/FloorPlanning/single_port_ram_fp_filler.enc.dat/libs/mmmc/SCL_NEW_26092019_basic.CapTbl does not have the EXTENDED section. It will use only BASIC cap table section for RC extraction.
Reading Capacitance Table File /run/media/user1/c2s/sriram/singlePortRAM/10_singlePortRAM_Floorplanning/FloorPlanning/single_port_ram_fp_filler.enc.dat/libs/mmmc/SCL_NEW_26092019_basic.CapTbl ...
Process name: DIFFERENT_KINDS_OF_DIELECTRIC.
**WARN: (IMPEXT-2662):	Cap table /run/media/user1/c2s/sriram/singlePortRAM/10_singlePortRAM_Floorplanning/FloorPlanning/single_port_ram_fp_filler.enc.dat/libs/mmmc/SCL_NEW_26092019_basic.CapTbl does not have the EXTENDED section. It will use only BASIC cap table section for RC extraction.
Summary of Active RC-Corners : 
 
 Analysis View: worst
    RC-Corner Name        : rc_worst
    RC-Corner Index       : 0
    RC-Corner Temperature : 125 Celsius
    RC-Corner Cap Table   : '/run/media/user1/c2s/sriram/singlePortRAM/10_singlePortRAM_Floorplanning/FloorPlanning/single_port_ram_fp_filler.enc.dat/libs/mmmc/SCL_NEW_26092019_basic.CapTbl'
    RC-Corner PreRoute Res Factor         : 1
    RC-Corner PreRoute Cap Factor         : 1
    RC-Corner PostRoute Res Factor        : 1 {1 1 1}
    RC-Corner PostRoute Cap Factor        : 1 {1 1 1}
    RC-Corner PostRoute XCap Factor       : 1 {1 1 1}
    RC-Corner PreRoute Clock Res Factor   : 1	[Derived from postRoute_res (effortLevel low)]
    RC-Corner PreRoute Clock Cap Factor   : 1	[Derived from postRoute_cap (effortLevel low)]
    RC-Corner PostRoute Clock Cap Factor  : 1 {1 1 1} 	[Derived from postRoute_cap (effortLevel low)]
    RC-Corner PostRoute Clock Res Factor  : 1 {1 1 1} 	[Derived from postRoute_res (effortLevel low)]
    RC-Corner PostRoute Clock coupling capacitance Factor : 1 {1 1 1} 
 
 Analysis View: best
    RC-Corner Name        : rc_best
    RC-Corner Index       : 1
    RC-Corner Temperature : -40 Celsius
    RC-Corner Cap Table   : '/run/media/user1/c2s/sriram/singlePortRAM/10_singlePortRAM_Floorplanning/FloorPlanning/single_port_ram_fp_filler.enc.dat/libs/mmmc/SCL_NEW_26092019_basic.CapTbl'
    RC-Corner PreRoute Res Factor         : 1
    RC-Corner PreRoute Cap Factor         : 1
    RC-Corner PostRoute Res Factor        : 1 {1 1 1}
    RC-Corner PostRoute Cap Factor        : 1 {1 1 1}
    RC-Corner PostRoute XCap Factor       : 1 {1 1 1}
    RC-Corner PreRoute Clock Res Factor   : 1	[Derived from postRoute_res (effortLevel low)]
    RC-Corner PreRoute Clock Cap Factor   : 1	[Derived from postRoute_cap (effortLevel low)]
    RC-Corner PostRoute Clock Cap Factor  : 1 {1 1 1} 	[Derived from postRoute_cap (effortLevel low)]
    RC-Corner PostRoute Clock Res Factor  : 1 {1 1 1} 	[Derived from postRoute_res (effortLevel low)]
    RC-Corner PostRoute Clock coupling capacitance Factor : 1 {1 1 1} 
Updating RC grid for preRoute extraction ...
Initializing multi-corner resistance tables ...
Start generating vias ..
#Skip building auto via since it is not turned on.
Extracting standard cell pins and blockage ...... 
Pin and blockage extraction finished
Via generation completed.
% Begin Load power constraints ... (date=07/12 15:07:06, mem=1393.8M)
% End Load power constraints ... (date=07/12 15:07:06, total cpu=0:00:00.0, real=0:00:00.0, peak res=1393.8M, current mem=1393.8M)
max_delay min_delay
% Begin load AAE data ... (date=07/12 15:07:06, mem=1411.1M)
% End load AAE data ... (date=07/12 15:07:06, total cpu=0:00:00.0, real=0:00:00.0, peak res=1411.1M, current mem=1411.1M)
Total number of combinational cells: 321
Total number of sequential cells: 203
Total number of tristate cells: 10
Total number of level shifter cells: 0
Total number of power gating cells: 0
Total number of isolation cells: 0
Total number of power switch cells: 0
Total number of pulse generator cells: 0
Total number of always on buffers: 0
Total number of retention cells: 0
Total number of physical cells: 0
List of usable buffers: bufbd7 buffd2 bufbdf buffda buffd3 bufbda buffd4 bufbd4 bufbd1 bufbd3 buffd7 buffd1 bufbd2
Total number of usable buffers: 13
List of unusable buffers:
Total number of unusable buffers: 0
List of usable inverters: inv0d2 inv0da invbda invbdk inv0d1 inv0d7 invbd4 inv0d0 invbd2 inv0d4 invbd7 invbdf
Total number of usable inverters: 12
List of unusable inverters:
Total number of unusable inverters: 0
List of identified usable delay cells: dl04d1 dl03d1 dl02d2 dl03d4 dl04d2 dl02d1 dl01d4 bufbdk dl04d4 dl02d4 dl01d2 dl01d1 dl03d2
Total number of identified usable delay cells: 13
List of identified unusable delay cells:
Total number of identified unusable delay cells: 0
#% End load design ... (date=07/12 15:07:07, total cpu=0:00:02.9, real=0:00:04.0, peak res=1441.2M, current mem=1411.7M)

*** Summary of all messages that are not suppressed in this session:
Severity  ID               Count  Summary                                  
WARNING   IMPLF-200           49  Pin '%s' in macro '%s' has no ANTENNAGAT...
WARNING   IMPFP-3961           4  The techSite '%s' has no related standar...
WARNING   IMPEXT-2662          2  Cap table %s does not have the EXTENDED ...
WARNING   IMPVL-159         1435  Pin '%s' of cell '%s' is defined in LEF ...
*** Message Summary: 1490 warning(s), 0 error(s)

<CMD> setDrawView fplan
<CMD> encMessage warning 1
Un-suppress "**WARN ..." messages.
<CMD> encMessage debug 0
<CMD> setDrawView place
<CMD> setDrawView place
<CMD> globalNetConnect VDD_CORE -type pgpin -pin VDD -all
<CMD> globalNetConnect VSS_CORE -type pgpin -pin VSS -all
<CMD> globalNetConnect VDDO_CORE -type pgpin -pin VDDO -all
<CMD> globalNetConnect VSSO_CORE -type pgpin -pin VSSO -all
<CMD> globalNetConnect VDD_CORE -type tiehi
<CMD> globalNetConnect VSS_CORE -type tielo
<CMD> set sprCreateIeRingOffset 1.0
<CMD> set sprCreateIeRingThreshold 1.0
<CMD> set sprCreateIeRingJogDistance 1.0
<CMD> set sprCreateIeRingLayers {}
<CMD> set sprCreateIeRingOffset 1.0
<CMD> set sprCreateIeRingThreshold 1.0
<CMD> set sprCreateIeRingJogDistance 1.0
<CMD> set sprCreateIeRingLayers {}
<CMD> set sprCreateIeStripeWidth 10.0
<CMD> set sprCreateIeStripeThreshold 1.0
<CMD> set sprCreateIeStripeWidth 10.0
<CMD> set sprCreateIeStripeThreshold 1.0
<CMD> set sprCreateIeRingOffset 1.0
<CMD> set sprCreateIeRingThreshold 1.0
<CMD> set sprCreateIeRingJogDistance 1.0
<CMD> set sprCreateIeRingLayers {}
<CMD> set sprCreateIeStripeWidth 10.0
<CMD> set sprCreateIeStripeThreshold 1.0
<CMD> setAddRingMode -ring_target default -extend_over_row 0 -ignore_rows 0 -avoid_short 0 -skip_crossing_trunks none -stacked_via_top_layer TOP_M -stacked_via_bottom_layer M1 -via_using_exact_crossover_size 1 -orthogonal_only true -skip_via_on_pin {  standardcell } -skip_via_on_wire_shape {  noshape }
The ring targets are set to core/block ring wires.
addRing command will consider rows while creating rings.
addRing command will disallow rings to go over rows.
addRing command will ignore shorts while creating rings.
<CMD> addRing -nets {VDD_CORE VSS_CORE} -type core_rings -follow core -layer {top M1 bottom M1 left M2 right M2} -width {top 25 bottom 25 left 25 right 25} -spacing {top 10 bottom 10 left 10 right 10} -offset {top 1.8 bottom 1.8 left 1.8 right 1.8} -center 1 -threshold 0 -jog_distance 0 -snap_wire_center_to_grid None


viaInitial starts at Fri Jul 12 15:09:27 2024
viaInitial ends at Fri Jul 12 15:09:27 2024
Loading cell geometries (cpu: 0:00:00.0, real: 0:00:00.0, peak mem: 1552.8M)
Ring generation is complete.
vias are now being generated.
addRing created 8 wires.
ViaGen created 8 vias, deleted 0 via to avoid violation.
+--------+----------------+----------------+
|  Layer |     Created    |     Deleted    |
+--------+----------------+----------------+
|   M1   |        4       |       NA       |
|   V2   |        8       |        0       |
|   M2   |        4       |       NA       |
+--------+----------------+----------------+
<CMD> set sprCreateIeRingOffset 1.0
<CMD> set sprCreateIeRingThreshold 1.0
<CMD> set sprCreateIeRingJogDistance 1.0
<CMD> set sprCreateIeRingLayers {}
<CMD> set sprCreateIeRingOffset 1.0
<CMD> set sprCreateIeRingThreshold 1.0
<CMD> set sprCreateIeRingJogDistance 1.0
<CMD> set sprCreateIeRingLayers {}
<CMD> set sprCreateIeStripeWidth 10.0
<CMD> set sprCreateIeStripeThreshold 1.0
<CMD> set sprCreateIeStripeWidth 10.0
<CMD> set sprCreateIeStripeThreshold 1.0
<CMD> set sprCreateIeRingOffset 1.0
<CMD> set sprCreateIeRingThreshold 1.0
<CMD> set sprCreateIeRingJogDistance 1.0
<CMD> set sprCreateIeRingLayers {}
<CMD> set sprCreateIeStripeWidth 10.0
<CMD> set sprCreateIeStripeThreshold 1.0
<CMD> setAddStripeMode -ignore_block_check false -break_at none -route_over_rows_only false -rows_without_stripes_only false -extend_to_closest_target none -stop_at_last_wire_for_area false -partial_set_thru_domain false -ignore_nondefault_domains false -trim_antenna_back_to_shape none -spacing_type edge_to_edge -spacing_from_block 0 -stripe_min_length stripe_width -stacked_via_top_layer TOP_M -stacked_via_bottom_layer M1 -via_using_exact_crossover_size false -split_vias false -orthogonal_only true -allow_jog { padcore_ring  block_ring } -skip_via_on_pin {  standardcell } -skip_via_on_wire_shape {  noshape   }
addStripe will allow jog to connect padcore ring and block ring.

Stripes will stop at the boundary of the specified area.
When breaking rings, the power planner will consider the existence of blocks.
Stripes will not extend to closest target.
The power planner will set stripe antenna targets to none (no trimming allowed).
Stripes will not be created over regions without power planning wires.
The entire stripe set will break at the domain if one of the nets is not in the domain.
addStripe will break automatically at non-default domains when generating global stripes over the core area or default domain.
Offset for stripe breaking is set to 0.
<CMD> addStripe -nets {VDD_CORE VSS_CORE} -layer TOP_M -direction vertical -width 10 -spacing 10 -set_to_set_distance 100 -start_from left -switch_layer_over_obs false -max_same_layer_jog_length 2 -padcore_ring_top_layer_limit TOP_M -padcore_ring_bottom_layer_limit M1 -block_ring_top_layer_limit TOP_M -block_ring_bottom_layer_limit M1 -use_wire_group 0 -snap_wire_center_to_grid None

Initialize fgc environment(mem: 1562.2M) ...  done(cpu: 0:00:00.0, real: 0:00:00.0, peak mem: 1574.2M)
Loading cell geometries (cpu: 0:00:00.0, real: 0:00:00.0, peak mem: 1574.2M)
Loading wires (cpu: 0:00:00.0, real: 0:00:00.0, peak mem: 1574.2M)
Loading via instances (cpu: 0:00:00.0, real: 0:00:00.0, peak mem: 1574.2M)
Starting stripe generation ...
Non-Default Mode Option Settings :
  -use_exact_spacing  1
Stripe generation is complete.
vias are now being generated.
addStripe created 15 wires.
ViaGen created 90 vias, deleted 0 via to avoid violation.
+--------+----------------+----------------+
|  Layer |     Created    |     Deleted    |
+--------+----------------+----------------+
|   V2   |       30       |        0       |
|   V3   |       30       |        0       |
|  TOP_V |       30       |        0       |
|  TOP_M |       15       |       NA       |
+--------+----------------+----------------+
setAddStripeMode -use_exact_spacing is reset to default value: false.
<CMD> setAddStripeMode -ignore_block_check false -break_at none -route_over_rows_only false -rows_without_stripes_only false -extend_to_closest_target none -stop_at_last_wire_for_area false -partial_set_thru_domain false -ignore_nondefault_domains false -trim_antenna_back_to_shape none -spacing_type edge_to_edge -spacing_from_block 0 -stripe_min_length stripe_width -stacked_via_top_layer TOP_M -stacked_via_bottom_layer M1 -via_using_exact_crossover_size false -split_vias false -orthogonal_only true -allow_jog { padcore_ring  block_ring } -skip_via_on_pin {  standardcell } -skip_via_on_wire_shape {  noshape   }
addStripe will allow jog to connect padcore ring and block ring.

Stripes will stop at the boundary of the specified area.
When breaking rings, the power planner will consider the existence of blocks.
Stripes will not extend to closest target.
The power planner will set stripe antenna targets to none (no trimming allowed).
Stripes will not be created over regions without power planning wires.
The entire stripe set will break at the domain if one of the nets is not in the domain.
addStripe will break automatically at non-default domains when generating global stripes over the core area or default domain.
Offset for stripe breaking is set to 0.
<CMD> addStripe -nets {VDD_CORE VSS_CORE} -layer TOP_M -direction vertical -width 10 -spacing 10 -set_to_set_distance 100 -start_from left -switch_layer_over_obs false -max_same_layer_jog_length 2 -padcore_ring_top_layer_limit TOP_M -padcore_ring_bottom_layer_limit M1 -block_ring_top_layer_limit TOP_M -block_ring_bottom_layer_limit M1 -use_wire_group 0 -snap_wire_center_to_grid None

Initialize fgc environment(mem: 1578.3M) ...  done(cpu: 0:00:00.0, real: 0:00:00.0, peak mem: 1578.3M)
Loading cell geometries (cpu: 0:00:00.0, real: 0:00:00.0, peak mem: 1578.3M)
Loading wires (cpu: 0:00:00.0, real: 0:00:00.0, peak mem: 1578.3M)
Loading via instances (cpu: 0:00:00.0, real: 0:00:00.0, peak mem: 1578.3M)
Starting stripe generation ...
Non-Default Mode Option Settings :
  -use_exact_spacing  1
**WARN: (IMPPP-170):	The power planner failed to create a wire at (470.040009, 362.519989) (470.040009, 1285.800049) because same wire already exists.
**WARN: (IMPPP-170):	The power planner failed to create a wire at (570.039978, 362.519989) (570.039978, 1285.800049) because same wire already exists.
**WARN: (IMPPP-170):	The power planner failed to create a wire at (670.039978, 362.519989) (670.039978, 1285.800049) because same wire already exists.
**WARN: (IMPPP-170):	The power planner failed to create a wire at (770.039978, 362.519989) (770.039978, 1285.800049) because same wire already exists.
**WARN: (IMPPP-170):	The power planner failed to create a wire at (870.039978, 362.519989) (870.039978, 1285.800049) because same wire already exists.
**WARN: (IMPPP-170):	The power planner failed to create a wire at (970.039978, 362.519989) (970.039978, 1285.800049) because same wire already exists.
**WARN: (IMPPP-170):	The power planner failed to create a wire at (1070.040039, 362.519989) (1070.040039, 1285.800049) because same wire already exists.
**WARN: (IMPPP-170):	The power planner failed to create a wire at (1170.040039, 362.519989) (1170.040039, 1285.800049) because same wire already exists.
**WARN: (IMPPP-170):	The power planner failed to create a wire at (490.040009, 327.519989) (490.040009, 1320.800049) because same wire already exists.
**WARN: (IMPPP-170):	The power planner failed to create a wire at (590.039978, 327.519989) (590.039978, 1320.800049) because same wire already exists.
**WARN: (IMPPP-170):	The power planner failed to create a wire at (690.039978, 327.519989) (690.039978, 1320.800049) because same wire already exists.
**WARN: (IMPPP-170):	The power planner failed to create a wire at (790.039978, 327.519989) (790.039978, 1320.800049) because same wire already exists.
**WARN: (IMPPP-170):	The power planner failed to create a wire at (890.039978, 327.519989) (890.039978, 1320.800049) because same wire already exists.
**WARN: (IMPPP-170):	The power planner failed to create a wire at (990.039978, 327.519989) (990.039978, 1320.800049) because same wire already exists.
**WARN: (IMPPP-170):	The power planner failed to create a wire at (1090.040039, 327.519989) (1090.040039, 1320.800049) because same wire already exists.
Stripe generation is complete.
setAddStripeMode -use_exact_spacing is reset to default value: false.
<CMD> setSrouteMode -viaConnectToShape { noshape }
<CMD> sroute -connect { padPin corePin floatingStripe } -layerChangeRange { M1(1) TOP_M(4) } -blockPinTarget { nearestTarget } -padPinPortConnect { allPort oneGeom } -padPinTarget { nearestTarget } -corePinTarget { firstAfterRowEnd } -floatingStripeTarget { blockring padring ring stripe ringpin blockpin followpin } -allowJogging 1 -crossoverViaLayerRange { M1(1) TOP_M(4) } -nets { VDD_CORE VSS_CORE } -allowLayerChange 1 -targetViaLayerRange { M1(1) TOP_M(4) }
**WARN: (IMPSR-4058):	Sroute option: blockPinTarget should be used in conjunction with option: -connect blockPin. 
*** Begin SPECIAL ROUTE on Fri Jul 12 15:12:02 2024 ***
SPECIAL ROUTE ran on directory: /run/media/user1/c2s/sriram/singlePortRAM/11_singlePortRAM_Powerplanning
SPECIAL ROUTE ran on machine: c2s (Linux 4.18.0-513.24.1.el8_9.x86_64 Xeon 3.38Ghz)

Begin option processing ...
srouteConnectPowerBump set to false
routeSelectNet set to "VDD_CORE VSS_CORE"
routeSpecial set to true
srouteBottomLayerLimit set to 1
srouteBottomTargetLayerLimit set to 1
srouteConnectBlockPin set to false
srouteConnectConverterPin set to false
srouteCrossoverViaBottomLayer set to 1
srouteCrossoverViaTopLayer set to 4
srouteFloatingStripeTarget set to "blockring padring ring stripe ringpin blockpin followpin"
srouteFollowCorePinEnd set to 3
srouteFollowPadPin set to false
srouteJogControl set to "preferWithChanges differentLayer"
srouteNoViaOnWireShape set to "padring ring stripe blockring blockpin coverpin blockwire corewire followpin iowire"
sroutePadPinAllPorts set to true
sroutePreserveExistingRoutes set to true
srouteRoutePowerBarPortOnBothDir set to true
srouteStopBlockPin set to "nearestTarget"
srouteTopLayerLimit set to 4
srouteTopTargetLayerLimit set to 4
End option processing: cpu: 0:00:00, real: 0:00:00, peak: 3114.00 megs.

Reading DB technology information...
Finished reading DB technology information.
Reading floorplan and netlist information...
Finished reading floorplan and netlist information.
Read in 8 layers, 4 routing layers, 1 overlap layer
Read in 556 macros, 28 used
Read in 205 components
  13 core components: 13 unplaced, 0 placed, 0 fixed
  188 pad components: 0 unplaced, 156 placed, 32 fixed
  4 other components: 0 unplaced, 0 placed, 4 fixed
Read in 15 logical pins
Read in 15 nets
Read in 4 special nets, 2 routed
Read in 154 terminals
2 nets selected.

Begin power routing ...
CPU time for VDD_CORE FollowPin 0 seconds
CPU time for VSS_CORE FollowPin 0 seconds
  Number of IO ports routed: 8
  Number of Stripe ports routed: 0
  Number of Core ports routed: 258
  Number of Followpin connections: 129
End power routing: cpu: 0:00:00, real: 0:00:00, peak: 3198.00 megs.



 Begin updating DB with routing results ...
 Updating DB with 3 via definition ...

sroute post-processing starts at Fri Jul 12 15:12:03 2024
The viaGen is rebuilding shadow vias for net VDD_CORE.
sroute post-processing ends at Fri Jul 12 15:12:03 2024
sroute created 403 wires.
ViaGen created 270 vias, deleted 0 via to avoid violation.
+--------+----------------+----------------+
|  Layer |     Created    |     Deleted    |
+--------+----------------+----------------+
|   M1   |       387      |       NA       |
|   V2   |       262      |        0       |
|   M2   |        4       |       NA       |
|   V3   |        6       |        0       |
|   M3   |        6       |       NA       |
|  TOP_V |        2       |        0       |
|  TOP_M |        6       |       NA       |
+--------+----------------+----------------+
<CMD> saveDesign Powerplanning/single_port_ram_fp_powerplan.enc
#% Begin save design ... (date=07/12 15:13:00, mem=1486.2M)
% Begin Save ccopt configuration ... (date=07/12 15:13:00, mem=1486.2M)
% End Save ccopt configuration ... (date=07/12 15:13:00, total cpu=0:00:00.0, real=0:00:00.0, peak res=1487.0M, current mem=1487.0M)
% Begin Save netlist data ... (date=07/12 15:13:00, mem=1508.0M)
Writing Binary DB to Powerplanning/single_port_ram_fp_powerplan.enc.dat/single_port_ram.v.bin in single-threaded mode...
% End Save netlist data ... (date=07/12 15:13:00, total cpu=0:00:00.0, real=0:00:00.0, peak res=1508.1M, current mem=1508.1M)
Saving symbol-table file ...
Saving congestion map file Powerplanning/single_port_ram_fp_powerplan.enc.dat/single_port_ram.route.congmap.gz ...
% Begin Save AAE data ... (date=07/12 15:13:00, mem=1508.1M)
Saving AAE Data ...
% End Save AAE data ... (date=07/12 15:13:00, total cpu=0:00:00.0, real=0:00:00.0, peak res=1508.1M, current mem=1508.1M)
Saving preference file Powerplanning/single_port_ram_fp_powerplan.enc.dat/gui.pref.tcl ...
Saving mode setting ...
Saving global file ...
% Begin Save floorplan data ... (date=07/12 15:13:01, mem=1511.8M)
Saving floorplan file ...
Convert 0 swires and 0 svias from compressed groups
% End Save floorplan data ... (date=07/12 15:13:01, total cpu=0:00:00.0, real=0:00:00.0, peak res=1512.8M, current mem=1512.8M)
Saving PG file Powerplanning/single_port_ram_fp_powerplan.enc.dat/single_port_ram.pg.gz, version#2, (Created by Innovus v21.18-s099_1 on Fri Jul 12 15:13:01 2024)
*** Completed savePGFile (cpu=0:00:00.0 real=0:00:00.0 mem=1627.8M) ***
Saving Drc markers ...
... No Drc file written since there is no markers found.
% Begin Save placement data ... (date=07/12 15:13:01, mem=1512.8M)
** Saving stdCellPlacement_binary (version# 2) ...
Save Adaptive View Pruning View Names to Binary file
% End Save placement data ... (date=07/12 15:13:01, total cpu=0:00:00.0, real=0:00:00.0, peak res=1513.4M, current mem=1513.4M)
% Begin Save routing data ... (date=07/12 15:13:01, mem=1513.4M)
Saving route file ...
*** Completed saveRoute (cpu=0:00:00.0 real=0:00:00.0 mem=1627.8M) ***
% End Save routing data ... (date=07/12 15:13:01, total cpu=0:00:00.0, real=0:00:00.0, peak res=1513.5M, current mem=1513.5M)
Saving property file Powerplanning/single_port_ram_fp_powerplan.enc.dat/single_port_ram.prop
*** Completed saveProperty (cpu=0:00:00.0 real=0:00:00.0 mem=1630.8M) ***
% Begin Save power constraints data ... (date=07/12 15:13:01, mem=1514.8M)
% End Save power constraints data ... (date=07/12 15:13:01, total cpu=0:00:00.0, real=0:00:00.0, peak res=1514.8M, current mem=1514.8M)
rc_best rc_worst
Generated self-contained design single_port_ram_fp_powerplan.enc.dat
#% End save design ... (date=07/12 15:13:01, total cpu=0:00:00.4, real=0:00:01.0, peak res=1518.1M, current mem=1518.1M)
*** Message Summary: 0 warning(s), 0 error(s)


--------------------------------------------------------------------------------
Exiting Innovus on Fri Jul 12 15:13:10 2024
  Total CPU time:     0:01:06
  Total real time:    0:06:53
  Peak memory (main): 1522.28MB


*** Memory Usage v#1 (Current mem = 1679.258M, initial mem = 486.988M) ***
*** Message Summary: 1506 warning(s), 0 error(s)

--- Ending "Innovus" (totcpu=0:01:04, real=0:06:51, mem=1679.3M) ---
