
Cadence Innovus(TM) Implementation System.
Copyright 2021 Cadence Design Systems, Inc. All rights reserved worldwide.

Version:	v21.18-s099_1, built Tue Jul 18 13:03:50 PDT 2023
Options:	
Date:		Fri Jul 12 13:05:34 2024
Host:		c2s (x86_64 w/Linux 4.18.0-513.24.1.el8_9.x86_64) (4cores*8cpus*Intel(R) Xeon(R) CPU E5-1620 v3 @ 3.50GHz 10240KB)
OS:		Red Hat Enterprise Linux 8.9 (Ootpa)

License:
		[13:05:34.427906] Configured Lic search path (21.01-s002): 5280@14.139.1.126:1717@14.139.1.126

		invs	Innovus Implementation System	21.1	checkout succeeded
		8 CPU jobs allowed with the current license(s). Use setMultiCpuUsage to set your required CPU count.
Change the soft stacksize limit to 0.2%RAM (63 mbytes). Set global soft_stack_size_limit to change the value.

**INFO:  MMMC transition support version v31-84 

<CMD> set_global _enable_mmmc_by_default_flow      $CTE::mmmc_default
<CMD> suppressMessage ENCEXT-2799
<CMD> win

--------------------------------------------------------------------------------
Exiting Innovus on Fri Jul 12 13:06:07 2024
  Total CPU time:     0:00:18
  Total real time:    0:00:34
  Peak memory (main): 1027.62MB


*** Memory Usage v#1 (Current mem = 1062.348M, initial mem = 486.988M) ***
*** Message Summary: 0 warning(s), 0 error(s)

--- Ending "Innovus" (totcpu=0:00:17.5, real=0:00:33.0, mem=1062.3M) ---
