Chronologic VCS simulator copyright 1991-2022
Contains Synopsys proprietary information.
Compiler version T-2022.06-SP2-5_Full64; Runtime version T-2022.06-SP2-5_Full64;  Jul 12 12:13 2024
Checkout succeeded: VCS-BASE-RUNTIME/8F2871AD7ADC4E3BB208
	License file: 27020@14.139.1.126
	License Server: 27020@14.139.1.126
[SCL] 07/12/2024 12:13:23 Checking status for feature VCS-BASE-RUNTIME
[SCL] 07/12/2024 12:13:23 PID:1451396 Client:c2s Server:27020@14.139.1.126 Checkout succeeded VCS-BASE-RUNTIME 2022.06 from VCS-3-Apex-Base-Runtime-Pkg
VCD+ Writer T-2022.06-SP2-5_Full64 Copyright (c) 1991-2022 by Synopsys Inc.
The file '/run/media/user1/c2s/sriram/singlePortRAM/03_singlePortRAM_Sim/inter.vpd' was opened successfully.
$finish called from file "ram_tb.v", line 64.
$finish at simulation time                  662
Simulation complete, time is 662.
Chronologic VCS simulator copyright 1991-2022
Contains Synopsys proprietary information.
Compiler version T-2022.06-SP2-5_Full64; Runtime version T-2022.06-SP2-5_Full64;  Jul 12 12:14 2024
Checkout succeeded: VCS-BASE-RUNTIME/8F2871AD7ADC4E3BB208
	License file: 27020@14.139.1.126
	License Server: 27020@14.139.1.126
[SCL] 07/12/2024 12:14:06 Checking status for feature VCS-BASE-RUNTIME
[SCL] 07/12/2024 12:14:06 PID:1452248 Client:c2s Server:27020@14.139.1.126 Checkout succeeded VCS-BASE-RUNTIME 2022.06 from VCS-3-Apex-Base-Runtime-Pkg
VCD+ Writer T-2022.06-SP2-5_Full64 Copyright (c) 1991-2022 by Synopsys Inc.
The file '/run/media/user1/c2s/sriram/singlePortRAM/03_singlePortRAM_Sim/inter.vpd' was opened successfully.
$finish called from file "ram_tb.v", line 64.
$finish at simulation time                  662
Simulation complete, time is 662.
           V C S   S i m u l a t i o n   R e p o r t 
Time: 662
CPU Time:      0.080 seconds;       Data structure size:   0.0Mb
Fri Jul 12 12:14:27 2024
[SCL] 07/12/2024 12:14:27 PID:1452248 Client:c2s checkin (null) 
