# Preference setting overrides
gui_create_pref_key -category {Globals} -key {load_detail_for_funcov} -value_type {bool} -value {false}
gui_create_pref_category -category {schem_obj_name}
gui_create_pref_key -category {schem_obj_name} -key {show_cell_and_pin_with_symbol_name} -value_type {bool} -value {false}
gui_create_pref_key -category {schem_pin_hc} -key {textExtFont} -value_type {string} -value {Helvetica,10,-1,5,50,0,0,0,0,0}

# State setting overrides
gui_state_default_create -off -ini
gui_set_state_value -category Globals -key &File_toolbar -value true
gui_set_state_value -category Globals -key BackTrace_toolbar -value true
gui_set_state_value -category Globals -key recent_databases -value {{gui_open_db -file vcdplus.vpd} {gui_open_db -file mismatch.vpd -design V1} {gui_open_db -file mismatch.vpd} {gui_open_db -file mismatch_gate.vpd -design V1} {gui_open_db -file mismatch_gate.vpd}}
gui_set_state_value -category Globals -key recent_sessions -value {{gui_load_session -ignore_errors -file /run/media/user1/c2s/sriram/singlePortRAM/09_singlePortRAM_Post_Synthesis_GLS/01_zero_delay_sim/session.inter.vpd.tcl} {gui_load_session -ignore_errors -file /run/media/user1/c2s/Verification_GP1/ethernet/scripts/DVEfiles/dve_checkpoint_329710_1.tcl} {gui_load_session -ignore_errors -file /run/media/user1/c2s/c2s_training/Bhadra_Ashok/gls/DVEfiles/dve_checkpoint_44024_2.tcl} {gui_load_session -ignore_errors -file /run/media/user1/c2s/c2s_training/Bhadra_Ashok/gls/DVEfiles/dve_checkpoint_44024_1.tcl} {gui_load_session -ignore_errors -file /run/media/user1/6a3ea6d8-5027-40f5-b16a-7206cf04b9b9/Archa/prjt/DVEfiles/dve_checkpoint_17864_1.tcl}}
gui_set_state_value -category Layout -key child_assertion_size_x -value 1365
gui_set_state_value -category Layout -key child_assertion_size_y -value 149
gui_set_state_value -category Layout -key child_console_size_x -value 1863
gui_set_state_value -category Layout -key child_console_size_y -value 144
gui_set_state_value -category Layout -key child_data_coltype -value 105
gui_set_state_value -category Layout -key child_data_colvalue -value 24
gui_set_state_value -category Layout -key child_data_size_x -value 278
gui_set_state_value -category Layout -key child_data_size_y -value 757
gui_set_state_value -category Layout -key child_driver_size_x -value 1225
gui_set_state_value -category Layout -key child_driver_size_y -value 179
gui_set_state_value -category Layout -key child_hier_col3 -value {-1}
gui_set_state_value -category Layout -key child_hier_colhier -value 256
gui_set_state_value -category Layout -key child_hier_colpd -value 0
gui_set_state_value -category Layout -key child_hier_coltype -value 54
gui_set_state_value -category Layout -key child_hier_size_x -value 211
gui_set_state_value -category Layout -key child_hier_size_y -value 757
gui_set_state_value -category Layout -key child_hier_sort_order -value 1
gui_set_state_value -category Layout -key child_list_down -value 436
gui_set_state_value -category Layout -key child_list_right -value 1140
gui_set_state_value -category Layout -key child_schematic_docknewline -value false
gui_set_state_value -category Layout -key child_schematic_pos_x -value {-2}
gui_set_state_value -category Layout -key child_schematic_pos_y -value {-15}
gui_set_state_value -category Layout -key child_schematic_size_x -value 1087
gui_set_state_value -category Layout -key child_schematic_size_y -value 540
gui_set_state_value -category Layout -key child_source_docknewline -value false
gui_set_state_value -category Layout -key child_source_pos_x -value {-2}
gui_set_state_value -category Layout -key child_source_pos_y -value {-17}
gui_set_state_value -category Layout -key child_source_size_x -value 1377
gui_set_state_value -category Layout -key child_source_size_y -value 753
gui_set_state_value -category Layout -key child_watch_size_x -value 1087
gui_set_state_value -category Layout -key child_watch_size_y -value 170
gui_set_state_value -category Layout -key child_wave_colname -value 268
gui_set_state_value -category Layout -key child_wave_colvalue -value 268
gui_set_state_value -category Layout -key child_wave_docknewline -value false
gui_set_state_value -category Layout -key child_wave_left -value 540
gui_set_state_value -category Layout -key child_wave_pos_x -value {-2}
gui_set_state_value -category Layout -key child_wave_pos_y -value {-15}
gui_set_state_value -category Layout -key child_wave_right -value 1318
gui_set_state_value -category Layout -key child_wave_size_x -value 1028
gui_set_state_value -category Layout -key child_wave_size_y -value 435
gui_set_state_value -category Layout -key main_pos_x -value 56
gui_set_state_value -category Layout -key main_pos_y -value 105
gui_set_state_value -category Layout -key main_size_x -value 1919
gui_set_state_value -category Layout -key main_size_y -value 1120
gui_set_state_value -category Layout -key stand_list_child_docknewline -value false
gui_set_state_value -category Layout -key stand_list_child_pos_x -value {-2}
gui_set_state_value -category Layout -key stand_list_child_pos_y -value {-15}
gui_set_state_value -category Layout -key stand_list_child_size_x -value 1300
gui_set_state_value -category Layout -key stand_list_child_size_y -value 581
gui_set_state_value -category Layout -key stand_list_top_pos_x -value 28
gui_set_state_value -category Layout -key stand_list_top_pos_y -value 51
gui_set_state_value -category Layout -key stand_list_top_size_x -value 1323
gui_set_state_value -category Layout -key stand_list_top_size_y -value 736
gui_set_state_value -category Layout -key stand_schematic_child_docknewline -value false
gui_set_state_value -category Layout -key stand_schematic_child_pos_x -value {-2}
gui_set_state_value -category Layout -key stand_schematic_child_pos_y -value {-15}
gui_set_state_value -category Layout -key stand_schematic_child_size_x -value 1028
gui_set_state_value -category Layout -key stand_schematic_child_size_y -value 540
gui_set_state_value -category Layout -key stand_schematic_top_pos_x -value 60
gui_set_state_value -category Layout -key stand_schematic_top_pos_y -value 65
gui_set_state_value -category Layout -key stand_schematic_top_size_x -value 1083
gui_set_state_value -category Layout -key stand_schematic_top_size_y -value 733
gui_set_state_value -category Layout -key stand_source_child_docknewline -value false
gui_set_state_value -category Layout -key stand_source_child_pos_x -value {-2}
gui_set_state_value -category Layout -key stand_source_child_pos_y -value {-15}
gui_set_state_value -category Layout -key stand_source_child_size_x -value 1028
gui_set_state_value -category Layout -key stand_source_child_size_y -value 361
gui_set_state_value -category Layout -key stand_source_top_pos_x -value 1283
gui_set_state_value -category Layout -key stand_source_top_pos_y -value 48
gui_set_state_value -category Layout -key stand_source_top_size_x -value 2553
gui_set_state_value -category Layout -key stand_source_top_size_y -value 1593
gui_set_state_value -category Layout -key stand_wave_child_docknewline -value false
gui_set_state_value -category Layout -key stand_wave_child_pos_x -value {-2}
gui_set_state_value -category Layout -key stand_wave_child_pos_y -value {-17}
gui_set_state_value -category Layout -key stand_wave_child_size_x -value 1868
gui_set_state_value -category Layout -key stand_wave_child_size_y -value 897
gui_set_state_value -category Layout -key stand_wave_top_pos_x -value 0
gui_set_state_value -category Layout -key stand_wave_top_pos_y -value 37
gui_set_state_value -category Layout -key stand_wave_top_size_x -value 1863
gui_set_state_value -category Layout -key stand_wave_top_size_y -value 1052
gui_create_state_key -category FindDialog -key m_pMatchCase -value_type bool -value false
gui_create_state_key -category FindDialog -key m_pMatchWord -value_type bool -value false
gui_create_state_key -category FindDialog -key m_pUseCombo -value_type string -value {}
gui_create_state_key -category FindDialog -key m_pWrapAround -value_type bool -value true
gui_create_state_key -category Widget_History -key Find|m_pFindFrame|m_pFindCombo -value_type string -value run
gui_create_state_key -category Widget_History -key {TopLevel.1|qt_left_dock|DockWnd1|HSPane.1|pages|Hier.1|hbox1|Scope Explore} -value_type string -value slnlq2
gui_create_state_key -category Widget_History -key TopLevel.1|qt_left_dock|DockWnd1|HSPane.1|pages|Hier.1|hbox|textfilter -value_type string -value mux
gui_create_state_key -category Widget_History -key TopLevel.1|qt_top_dock|&Edit|FindCombo -value_type string -value run
gui_create_state_key -category Widget_History -key TopLevel.2|qt_top_dock|&Edit|FindCombo -value_type string -value run
gui_create_state_key -category Widget_History -key {dlgSimSetup|m_setupTab|tab pages|BuildTab|m_rebuildBtnGroup|m_customCmdCombo} -value_type string -value {{make t1}}
gui_create_state_key -category Widget_History -key {dlgSimSetup|m_setupTab|tab pages|SimTab|m_VPDCombo} -value_type string -value inter.vpd
gui_create_state_key -category Widget_History -key {dlgSimSetup|m_setupTab|tab pages|SimTab|m_argsCombo} -value_type string -value {{+ntb_random_seed_automatic +UVM_TESTNAME=apb_base_test +UVM_VERBOSITY=HIGH -a ../sim/apb_base_test_vcs.log}}
gui_create_state_key -category Widget_History -key {dlgSimSetup|m_setupTab|tab pages|SimTab|m_curDirCombo} -value_type string -value /run/media/user1/c2s/M3_verification2/ces_svtb_2019.06/labs/editedapb/apb_timer_uvm
gui_create_state_key -category Widget_History -key {dlgSimSetup|m_setupTab|tab pages|SimTab|m_exeCombo} -value_type string -value simv
gui_create_state_key -category SearchDialog -key MatchCase -value_type bool -value false
gui_create_state_key -category SearchDialog -key MatchWord -value_type bool -value true
gui_create_state_key -category SearchDialog -key SearchMode -value_type string -value Wildcards
gui_create_state_key -category SearchDialog -key UseCombo -value_type bool -value true
gui_state_default_create -off

# Begin command logging
gui_sim_run Ucli -exe ./test -args {-ucligui  } -dir .
gui_list_select -id Data.1 -selected  { {ram_tb.dataOut[7:0]}   }
gui_list_select_all -id Data.1
gui_open_window Wave
gui_list_add -id Wave.1 -from Data.1 { {ram_tb.dataOut[7:0]} ram_tb.clk {ram_tb.addr[3:0]} {ram_tb.data[7:0]} {ram_tb.tb_data[7:0]} ram_tb.cs ram_tb.we {ram_tb.i[4:0]} {ram_tb.ADDRWIDTH[31:0]} {ram_tb.DATAWIDTH[31:0]} {ram_tb.SIZE[31:0]} } -insertionbar
gui_sim_continue  
gui_zoom -window Wave.1 -full
gui_list_expand -id  Hier.1   ram_tb
gui_list_expand -id  Hier.1   ram_tb.dut
gui_list_select -id Hier.1 -current_item_name ram_tb.dut.ram_1 -current_item_type Scope  -selected  { ram_tb.dut.ram_1   }
gui_list_select -id Data.1 -selected  { {ram_tb.dut.ram_1.mem[0:15][7:0]}   }
gui_open_window Wave
gui_list_add -id Wave.2 -from Data.1 { {ram_tb.dut.ram_1.mem[0:15][7:0]} } -insertionbar
gui_close_window -window TopLevel.3
gui_list_add -id Wave.1 -from Data.1 { {ram_tb.dut.ram_1.mem[0:15][7:0]} } -insertionbar
gui_sim_restart
gui_sim_continue  
gui_zoom -window Wave.1 -full
gui_list_expand -id  Wave.1   {ram_tb.dut.ram_1.mem[0:15][7:0]}
gui_close_window -window TopLevel.2
