12:27:11    16 -->                                                             [tcl] ucliGUI::connect -toolargs -ucligui -toolexe ./test -pid 1466540 -toolin /tmp/vcs_20240712065708_1466539_user1..stdin -toolout /tmp/vcs_20240712065708_1466539_user1..stdout  
12:27:11    17 -->                                                                 [tcl] set ucliGUI::state
12:27:11    18 -->                                                                     [tcl] gui_update_simulator_buttons
12:27:13    19 -->                                                                         [tcl] set ucliGUI::state
12:27:13    20 -->                                                                             [tcl] ucliCore::getToolPID
12:27:13    21 -->                                                                                 [tcl] synopsys::env hasTB
12:27:13    22 -->                                                                                     [tcl] trigger_hier_stack_context_switch 0
12:27:13    23 -->                                                                                         [tcl] synUtils::setDVEInitPhase 1
12:27:13    24 -->                                                                                             [tcl] gui_get_env SIMSETUP::SIMVPD
12:27:13    25 --> ...  [tcl] synopsys::dump -type VPD -file /run/media/user1/c2s/sriram/singlePortRAM/09_singlePortRAM_Post_Synthesis_GLS/01_zero_delay_sim/inter.vpd -locking
12:27:13    26 --> ...      [tcl] synopsys::dump -autoflush on -fid VPD0
12:27:13    27 --> ...          [tcl] set ::dve_fid VPD0
12:27:13    28 --> ...              [tcl] synUtils::setDVEInitPhase 0
12:27:13    29 --> ...                  [tcl] ucliCore::getToolPID
12:27:13    30 --> ...                      [tcl] synUtils::sendTool -active _icl_setToolSocket /tmp/smlnpEhnAa3
12:27:13    31 --> ...                          [tcl] synUtils::sendTool -active {_icl_start_rpc -version "T-2022.06-SP2-5_Full64" -sync_file /tmp/vcs_dve_rpc.user1.1466540}
12:27:13    32 --> ...                              [tcl] synUtils::sendTool -active {_icl_createSharedMemory /tmp/vcs_dve_general.user1.1466540}
12:27:13    33 --> ...                                  [tcl] dveMisc::vbusExpand ad01d0
12:27:13    34 --> ...                                      [tcl] config endofsim noexit
12:27:13    35 --> ...                                          [tcl] config onfail enable all
12:27:13    36 --> ...                                              [tcl] config syscaddplainmembers
12:27:13    37 --> ...                                                  [tcl] config syscaddsourcenames
12:27:13    38 --> ...                                                      [tcl] config syscaddstructtypes
12:27:13    39 --> ...                                                          [tcl] synopsys::listing -disable
12:27:21    40 --> ...                                                              [tcl] dveMisc::vbusExpand ram_tb_with_pad
12:27:27    41 --> ...                                                                  [tcl] synopsys::dump -add {ram_tb_with_pad} -scope "." -depth 1 -fid VPD0
12:27:36    42 --> ...                                                                      [tcl] dveMisc::vbusExpand ram_tb_with_pad.dut.ram_1
12:28:04    43 --> ...                                                                          [tcl] synopsys::dump -add {{ram_tb_with_pad.dut.ram_1.\mem[0] } {ram_tb_with_pad.dut.ram_1.\mem[10] } {ram_tb_with_pad.dut.ram_1.\mem[11] } {ram_tb_with_pad.dut.ram_1.\mem[12] } {ram_tb_with_pad.dut.ram_1.\mem[13] } {ram_tb_with_pad.dut.ram_1.\mem[14] } {ram_tb_with_pad.dut.ram_1.\mem[15] } {ram_tb_with_pad.dut.ram_1.\mem[1] } {ram_tb_with_pad.dut.ram_1.\mem[2] } {ram_tb_with_pad.dut.ram_1.\mem[3] } {ram_tb_with_pad.dut.ram_1.\mem[4] } {ram_tb_with_pad.dut.ram_1.\mem[5] } {ram_tb_with_pad.dut.ram_1.\mem[6] } {ram_tb_with_pad.dut.ram_1.\mem[7] } {ram_tb_with_pad.dut.ram_1.\mem[8] } {ram_tb_with_pad.dut.ram_1.\mem[9] } ram_tb_with_pad.dut.ram_1.data ram_tb_with_pad.dut.ram_1.dataOut } -aggregates  -fid VPD0
12:28:08    44 --> ...                                                                              [tcl] synopsys::run
12:28:08    45 --> ...                                                                                  [tcl] set ucliGUI::state
12:28:08    46 --> ...                                                                                      [tcl] gui_update_simulator_buttons
12:28:08    47 --> ...                                                                                          [tcl] set ucliGUI::state
12:28:08    48 --> ...                                                                                              [tcl] set ucliGUI::state
12:28:08    49 --> ...                                                                                                  [tcl] set ucliGUI::state
12:28:08    50 --> ...  [tcl] catch {senv activeDomain} dveMisc::result 
12:28:08    51 --> ...      [tcl] set dveMisc::result
12:28:08    52 --> ...          [tcl] gui_update_simulator_buttons
12:33:00    53 --> ...              [tcl] if [catch {gui_sim_terminate}] {gui_sim_terminate -kill}
12:33:00    54 --> ...                  [tcl] synopsys::finish
12:33:00    55 --> ...                      [tcl] set ucliGUI::state
12:33:00    56 --> ...                          [tcl] gui_update_simulator_buttons
12:33:00    57 --> ...                              [tcl] set ucliGUI::state
12:33:00    58 --> ...                                  [tcl] catch {senv activeDomain} dveMisc::result 
12:33:00    59 --> ...                                      [tcl] set dveMisc::result
12:33:00    60 --> ...                                          [tcl] gui_update_simulator_buttons
12:33:00    61 --> ...                                              [tcl] catch {senv activeDomain} dveMisc::result 
12:33:00    62 --> ...                                                  [tcl] set dveMisc::result
12:33:01    63 --> ...                                                      [tcl] ucli_exit
