                          CONFORMAL (R)
                   Version 21.20-p100 (23-Oct-2021) (64 bit executable)
   Copyright (c) Cadence Design Systems, Inc., 1997-2021. All Rights Reserved


This program is proprietary and confidential information belonging to
Cadence Design Systems, Inc., and may be used and disclosed only as authorized
in a license agreement controlling such use and disclosure.

// Warning: This version is 993 days old. You can download the latest version from http://downloads.cadence.com.

0
// Command: usage -auto -elapse
// Command: usage -auto -elapse
CPU time     : 0.54    seconds
Elapse time  : 19      seconds
Memory usage : 103.18  M bytes
0
// Command: set_mapping_method -sensitive
// Command: set_mapping_method -sensitive
0
// Command: set_verification_information fv_map_single_port_ram_incrementalv_db
// Command: set_verification_information fv_map_single_port_ram_incrementalv_db
// Verification information is set to /run/media/user1/c2s/sriram/singlePortRAM/15_singlePortRAM_Post_Route_LEC/fv_map_single_port_ram_incrementalv_db.
// Advanced reporting is enabled and the output is written to /run/media/user1/c2s/sriram/singlePortRAM/15_singlePortRAM_Post_Route_LEC/fv_map_single_port_ram_incrementalv_db
0
// Command: read_implementation_information fv/single_port_ram -golden fv_map -revised single_port_ram_incrementalv
// Command: read_implementation_information fv/single_port_ram -golden fv_map -revised single_port_ram_incrementalv
// Reading implementation information from fv/single_port_ram ...
================================================================================
          Information Category                         Count
--------------------------------------------------------------------------------
     Sequential instance phase                           272
       Sequential optimization                             0
        Sequential duplication                             0
         Boundary optimization                             0
            Synthesis equation                             0
    Combinational loop breaker                             0
                       Mapping                             0
================================================================================
// Note: Read implementation information successfully.
0
// Command: set_parallel_option -threads 1,4 -norelease_license
// Command: set_parallel_option -threads 1,4 -norelease_license
// Number of threads is set to 1,4.
0
// Command: set_compare_options -threads 1,4
// Command: set_compare_options -threads 1,4
Set computing threads of compare to 1,4.
0
// Command: set env(RC_VERSION)     "21.18-s082_1"
21.18-s082_1
// Command: set env(CDN_SYNTH_ROOT) "/run/media/user1/c2s/cadence/install/GENUS211/tools.lnx86"
/run/media/user1/c2s/cadence/install/GENUS211/tools.lnx86
// Command: set CDN_SYNTH_ROOT      "/run/media/user1/c2s/cadence/install/GENUS211/tools.lnx86"
/run/media/user1/c2s/cadence/install/GENUS211/tools.lnx86
// Command: set env(CW_DIR) "/run/media/user1/c2s/cadence/install/GENUS211/tools.lnx86/lib/chipware"
/run/media/user1/c2s/cadence/install/GENUS211/tools.lnx86/lib/chipware
// Command: set CW_DIR      "/run/media/user1/c2s/cadence/install/GENUS211/tools.lnx86/lib/chipware"
/run/media/user1/c2s/cadence/install/GENUS211/tools.lnx86/lib/chipware
// Command: set lec_version_required "21.20249"
21.20249
// Command: if { ($lec_version < $lec_version_required) &&
//              [file exists /run/media/user1/c2s/cadence/install/GENUS211/tools.lnx86/lib/chipware/old_encrypt_sim]} {
//              set env(CW_DIR_SIM) "/run/media/user1/c2s/cadence/install/GENUS211/tools.lnx86/lib/chipware/old_encrypt_sim"
//              set CW_DIR_SIM      "/run/media/user1/c2s/cadence/install/GENUS211/tools.lnx86/lib/chipware/old_encrypt_sim"
//          } else {
//              set env(CW_DIR_SIM) "/run/media/user1/c2s/cadence/install/GENUS211/tools.lnx86/lib/chipware/sim"
//              set CW_DIR_SIM      "/run/media/user1/c2s/cadence/install/GENUS211/tools.lnx86/lib/chipware/sim"
//          }
/run/media/user1/c2s/cadence/install/GENUS211/tools.lnx86/lib/chipware/old_encrypt_sim
// Command: set_multiplier_implementation boothrca -both
// Command: set_multiplier_implementation boothrca -both
0
// Command: set_undefined_cell black_box -noascend -both
// Command: set_undefined_cell black_box -noascend -both
0
// Command: add_search_path /run/media/user1/c2s/cadence/install/SCLPDK/scl_pdk/stdlib/fs120/liberty/lib_flow_ss /run/media/user1/c2s/cadence/install/SCLPDK/scl_pdk/stdlib/fs120/liberty/lib_flow_ff -library -both
// Command: add_search_path /run/media/user1/c2s/cadence/install/SCLPDK/scl_pdk/stdlib/fs120/liberty/lib_flow_ss /run/media/user1/c2s/cadence/install/SCLPDK/scl_pdk/stdlib/fs120/liberty/lib_flow_ff -library -both
0
// Command: read_library -liberty -both \
//              /run/media/user1/c2s/cadence/install/SCLPDK/scl_pdk/stdlib/fs120/liberty/lib_flow_ss/tsl18fs120_scl_ss.lib \
//              /run/media/user1/c2s/cadence/install/SCLPDK/scl_pdk/iolib/cio150/synopsys/2002.05/models/tsl18cio150_max.lib \
//              /run/media/user1/c2s/cadence/install/SCLPDK/scl_pdk/stdlib/fs120/liberty/lib_flow_ss/tsl18fs120_scl_ss.lib \
//              /run/media/user1/c2s/cadence/install/SCLPDK/scl_pdk/iolib/cio150/synopsys/2002.05/models/tsl18cio150_max.lib
// Command: read_library -liberty -both /run/media/user1/c2s/cadence/install/SCLPDK/scl_pdk/stdlib/fs120/liberty/lib_flow_ss/tsl18fs120_scl_ss.lib /run/media/user1/c2s/cadence/install/SCLPDK/scl_pdk/iolib/cio150/synopsys/2002.05/models/tsl18cio150_max.lib /run/media/user1/c2s/cadence/install/SCLPDK/scl_pdk/stdlib/fs120/liberty/lib_flow_ss/tsl18fs120_scl_ss.lib /run/media/user1/c2s/cadence/install/SCLPDK/scl_pdk/iolib/cio150/synopsys/2002.05/models/tsl18cio150_max.lib
// Parsing file /run/media/user1/c2s/cadence/install/SCLPDK/scl_pdk/stdlib/fs120/liberty/lib_flow_ss/tsl18fs120_scl_ss.lib ...
// Parsing file /run/media/user1/c2s/cadence/install/SCLPDK/scl_pdk/iolib/cio150/synopsys/2002.05/models/tsl18cio150_max.lib ...
// Parsing file /run/media/user1/c2s/cadence/install/SCLPDK/scl_pdk/stdlib/fs120/liberty/lib_flow_ss/tsl18fs120_scl_ss.lib ...
// Parsing file /run/media/user1/c2s/cadence/install/SCLPDK/scl_pdk/iolib/cio150/synopsys/2002.05/models/tsl18cio150_max.lib ...
// Note: (FIL1.8) File read in multiple times (occurrence:2)
// Warning: (RTL9.16) Duplicated operating_condition, the second one is ignored (occurrence:2)
// Warning: (RTL9.17) Cell doesn't have any output pins or all output pins are undriven (blackboxed) (occurrence:4)
// Warning: (RTL9.25) Liberty cell function has been overwritten due to multiple declarations (occurrence:6)
// Note: (RTL9.26) Liberty pin with internal_node use default input_map (occurrence:20)
// Warning: (RTL14) Signal has input but it has no output (occurrence:8)
// Note: (UDP1.1) Swapped set and reset of DFF/DLAT (occurrence:6)
// Note: (UDP3) Merged redundant user-defined DFF/DLAT primitive(s) (occurrence:6)
// Warning: (IGN3.2) Duplicate modules/entities are detected. Subsequent modules/entities are ignored (occurrence:627)
// Note: Read Liberty library successfully
0
CPU time     : 1.13    seconds
Elapse time  : 30      seconds
Memory usage : 132.23  M bytes
// Command: read_design -verilog95   -golden -lastmod -noelab ./single_port_ram_incremental.v
// Command: read_design -verilog95 -golden -lastmod -noelab ./single_port_ram_incremental.v
// Parsing file ./single_port_ram_incremental.v ...
0
// Command: elaborate_design -golden -root {single_port_ram}
// Command: elaborate_design -golden -root single_port_ram
// Golden root module is set to 'single_port_ram'
0
// Command: read_design -verilog95   -revised -lastmod -noelab ./ram_postRoute_withoutPG.v
// Command: read_design -verilog95 -revised -lastmod -noelab ./ram_postRoute_withoutPG.v
// Parsing file ./ram_postRoute_withoutPG.v ...
0
// Command: elaborate_design -revised -root {single_port_ram}
// Command: elaborate_design -revised -root single_port_ram
// Revised root module is set to 'single_port_ram'
// Warning: (HRC3.16) A wire is declared, but not used in the module (occurrence:4)
0
// Command: report_design_data
// Command: report_design_data
============================================
Summary           Golden         Revised
============================================
Design-modules         2               2
Library-cells        436             582
============================================
Primitives      Golden              Revised
============================================
INPUT                7                    7
INOUT                8                    8
--------------------------------------------
AND                400                  400
BUF        *        16                  164
BUFIF1               8                    8
DFF                136                  136
INV        *       151                  149
NAND                29                   29
NOR                 90                   90
OR                 145                  145
--------------------------------------------
Total              975                 1121

0
// Command: report_black_box
// Command: report_black_box
0
// Command: set_flatten_model -seq_constant
// Command: set_flatten_model -seq_constant
0
// Command: set_flatten_model -seq_constant_x_to 0
// Command: set_flatten_model -seq_constant_x_to 0
0
// Command: set_flatten_model -nodff_to_dlat_zero
// Command: set_flatten_model -nodff_to_dlat_zero
0
// Command: set_flatten_model -nodff_to_dlat_feedback
// Command: set_flatten_model -nodff_to_dlat_feedback
0
// Command: set_flatten_model -hier_seq_merge
// Command: set_flatten_model -hier_seq_merge
0
// Command: set lec_version_required "20.10100"
20.10100
// Command: if {$lec_version >= $lec_version_required} {
//              check_verification_information
//          }
// Command: check_verification_information
Checking Sequential constant...
Checking Sequential merge...
Checking Synthesis equation...
================================================================================
Implementation Information Check Summary: 
--------------------------------------------------------------------------------
Total Sequential Constants:     0
  Name Collision:               0
  Name Ambiguous:               0
  Name not Found:               0
--------------------------------------------------------------------------------
Total Sequential Merges:        0
  Name Collision:               0
  Name Ambiguous:               0
  Name not Found:               0
  Merge Target:
    Name Ambiguous:             0
    Name not Found:             0
--------------------------------------------------------------------------------
Total Synthesis Equations:      0
  Module not Found:             0
  Equation Conflict:            0
  Equation Syntax Error:        0
No Equation Modules:            0
================================================================================
0
// Command: set_analyze_option -auto -report_map
// Command: set_analyze_option -auto -report_map
0
// Command: set_system_mode lec
// Command: set_system_mode lec
// Processing Golden ...
// Modeling Golden ...
// (F1) Created 8 wire resolution gate(s) due to multiple-driven net(s)
// Processing Revised ...
// Modeling Revised ...
// (F1) Created 8 wire resolution gate(s) due to multiple-driven net(s)
// Balanced modeling (auto) mapped 272 out of 272 DFF/DLATs
// (F39) Added 8 output Z gates
// (F39) Added 8 output Z gates
// Mapping key points ...
================================================================================
Mapped points: SYSTEM class
--------------------------------------------------------------------------------
Mapped points     PI     PO     DFF    Z         Total   
--------------------------------------------------------------------------------
Golden            23     8      136    16        183     
--------------------------------------------------------------------------------
Revised           23     8      136    16        183     
================================================================================
// Running automatic setup...
================================================================================
Mapped points: SYSTEM class
--------------------------------------------------------------------------------
Mapped points     PI     PO     DFF    Z         Total   
--------------------------------------------------------------------------------
Golden            23     8      136    16        183     
--------------------------------------------------------------------------------
Revised           23     8      136    16        183     
================================================================================
// Automatic setup finished.
0
// Command: report_unmapped_points -summary
// Command: report_unmapped_points -summary
There is no unmapped point
0
// Command: report_unmapped_points -notmapped
// Command: report_unmapped_points -notmapped
There is no unmapped point
0
// Command: add_compared_points -all
// Command: add_compared_points -all
// 144 compared points added to compare list
0
// Command: compare
// Command: compare
================================================================================
Compared points      PO     DFF       Total   
--------------------------------------------------------------------------------
Equivalent           8      136       144     
================================================================================
0
// Command: report_compare_data -class nonequivalent -class abort -class notcompared
// Command: report_compare_data -class nonequivalent -class abort -class notcompared
0 Non-equivalent point(s) reported
0 Abort point(s) reported
0 Not-compared point(s) reported
0 compared point(s) reported
================================================================================
Compared points      PO     DFF       Total   
--------------------------------------------------------------------------------
Equivalent           8      136       144     
================================================================================
0
// Command: report_verification -verbose
// Command: report_verification -verbose
================================================================================
                            Verification Report
--------------------------------------------------------------------------------
Category                                                                  Count
--------------------------------------------------------------------------------
1. Non-standard modeling options used:                                      0
     Tri-stated output:                                        checked
     Revised X signals set to E:                               yes
     Floating signals tied to Z:                               yes
     Command "add clock" for clock-gating:                     not used
--------------------------------------------------------------------------------
2. Incomplete verification:                                                 0
     All primary outputs are mapped:                           yes
     Not-mapped DFF/DLAT is detected:                          no
     All mapped points are added as compare points:            yes
     All compared points are compared:                         yes
     User added black box:                                     no
     Black box mapped with different module name:              no
     Empty module is not black boxed:                          no
     Command "add ignore outputs" used:                        no
     Always false constraints detected:                        no
--------------------------------------------------------------------------------
3. User modification to design:                                             0
     Change gate type:                                         no
     Change wire:                                              no
     Primary input added by user:                              no
--------------------------------------------------------------------------------
4. Conformal Constraint Designer clock domain crossing checks recommended:  0
     Multiple clocks in the design:                            no
--------------------------------------------------------------------------------
5. Design ambiguity:                                                        1
     Duplicate module definition:                              yes *
     Black box due to undefined cells:                         no
     Golden design has abnormal ratio of unreachable gates:    no
     Ratio of golden unreachable gates:                        0%
     Revised design has abnormal ratio of unreachable gates:   no
     Ratio of revised unreachable gates:                       0%
     All primary input bus ordering is consistent:             yes
     All primary output bus ordering is consistent:            yes
     DFF/DLAT not compared due to disabled clock port(s):        0
     Always X compared point is detected:                      not checked
--------------------------------------------------------------------------------
6. Compare Results:                                                        PASS
     Number of EQ compare points:                              144
     Number of NON-EQ compare points:                          0
     Number of Aborted compare points:                         0
     Number of Uncompared compare points :                     0
================================================================================
pass
// Command: report_statistics
// Command: report_statistics
Mapping and compare statistics
================================================================================
                     Compare Result       Golden            Revised
--------------------------------------------------------------------------------
Root module name                          single_port_ram   single_port_ram   

Primary inputs                                23                 23
   Mapped                                     23                 23

Tri-state (Z) key points                      16                 16
   Mapped                                     16                 16

Primary outputs                                8                  8
   Mapped                                      8                  8
      Equivalent                  8

State key points                             136                136
   Mapped                                    136                136
      Equivalent                136
================================================================================
0
// Command: write_compared_points noneq.compared_points.single_port_ram.fv_map.single_port_ram_incrementalv.tcl -class noneq -tclmode -replace
// Command: write_compared_points noneq.compared_points.single_port_ram.fv_map.single_port_ram_incrementalv.tcl -class noneq -tclmode -replace
0
// Command: set lec_version_required "21.10100"
21.10100
// Command: if {$lec_version >= $lec_version_required} {
//              analyze_nonequivalent -source_diagnosis
//              report_nonequivalent_analysis > noneq.source_diag.single_port_ram.fv_map.single_port_ram_incrementalv.rpt
//          }
// Command: analyze_nonequivalent -source_diagnosis
// Warning: Non-equivalent points do not exist.
// Command: report_nonequivalent_analysis > noneq.source_diag.single_port_ram.fv_map.single_port_ram_incrementalv.rpt
0
// Command: report_test_vector -noneq > noneq.test_vector.single_port_ram.fv_map.single_port_ram_incrementalv.rpt
// Command: report_test_vector -noneq > noneq.test_vector.single_port_ram.fv_map.single_port_ram_incrementalv.rpt
0
// Command: write_verification_information
// Command: write_verification_information
// Verification information is written to fv_map_single_port_ram_incrementalv_db.
0
// Command: report_verification_information
// Command: report_verification_information
// Generating reports on verification information at /run/media/user1/c2s/sriram/singlePortRAM/15_singlePortRAM_Post_Route_LEC/fv_map_single_port_ram_incrementalv_db...
LEC run scores:
================================================================================
Step                Score     Range          
--------------------------------------------------------------------------------
result_status       10        10             
runtime             10        10             
mapping             10        10             
sequential_constant 5         10             
sequential_merge    5         10             
sequential_phase    10        10             
datapath_analysis   5         10             
combinational_loop  5         10             
mismatch_detection  5         10             
overall             65        90             
================================================================================
LEC results versus attributes:
================================================================================
Attribute           Total     Inconsistency  Combined Table                
--------------------------------------------------------------------------------
sequential_constant 0         0                                            
sequential_merge    0         0                                            
sequential_phase    136       0              sequential_phase.json         
================================================================================
The tables can be viewed directly using web interface.
// Done with reporting verification information.
0
// Command: set lec_version_required "18.20330"
18.20330
// Command: if {$lec_version >= $lec_version_required} {
//              report_implementation_information
//          }
// Command: report_implementation_information
// Reporting implementation information...
// Information summary:
================================================================================
        Information Category     Total      Used    Unused  Rejected     Abort
--------------------------------------------------------------------------------
   Sequential instance phase       272       272         0         0         0
               Phase mapping         0         0         0         0         0
         Sequential constant         0         0         0         0         0
            Sequential merge         0         0         0         0         0
      Sequential unreachable         0         0         0         0         0
      Sequential duplication         0         0         0         0         0
       Boundary optimization         0         0         0         0         0
          Synthesis equation         0         0         0         0         0
  Combinational loop breaker         0         0         0         0         0
================================================================================
0
// Command: puts "No of compare points = [get_compare_points -count]"
// Command: get_compare_points -count
No of compare points = 144
// Command: puts "No of diff points    = [get_compare_points -NONequivalent -count]"
// Command: get_compare_points -NONequivalent -count
No of diff points    = 0
// Command: puts "No of abort points   = [get_compare_points -abort -count]"
// Command: get_compare_points -abort -count
No of abort points   = 0
// Command: puts "No of unknown points = [get_compare_points -unknown -count]"
// Command: get_compare_points -unknown -count
No of unknown points = 0
// Command: if {[get_compare_points -count] == 0} {
//              puts "---------------------------------"
//              puts "ERROR: No compare points detected"
//              puts "---------------------------------"
//          }
// Command: get_compare_points -count
// Command: if {[get_compare_points -NONequivalent -count] > 0} {
//              puts "------------------------------------"
//              puts "ERROR: Different Key Points detected"
//              puts "------------------------------------"
//          }
// Command: get_compare_points -NONequivalent -count
// Command: if {[get_compare_points -abort -count] > 0} {
//              puts "-----------------------------"
//              puts "ERROR: Abort Points detected "
//              puts "-----------------------------"
//          }
// Command: get_compare_points -abort -count
// Command: if {[get_compare_points -unknown -count] > 0} {
//              puts "----------------------------------"
//              puts "ERROR: Unknown Key Points detected"
//              puts "----------------------------------"
//          }
// Command: get_compare_points -unknown -count
// Command: set lec_version_required "19.10100"
19.10100
// Command: if {$lec_version >= $lec_version_required} {
//              analyze_results -logfiles $logfile
//          }
// Command: analyze_results -logfiles output_files/intermediate2final.lec.log
// Analyzing logfile 'output_files/intermediate2final.lec.log'
// Error: File 'output_files/intermediate2final.lec.log' does not exist
// Resource usages of analysis: Cpu=0.07s Mem=113MB
0
// Command: vpxmode
// Command: vpxmode
