============================================================
  Generated by:           Genus(TM) Synthesis Solution 21.18-s082_1
  Generated on:           Jul 12 2024  12:47:07 pm
  Module:                 single_port_ram
  Technology libraries:   tsl18fs120_scl_ss 1
                          tsl18cio150_max 1.0
                          tsl18fs120_scl_ss 1
                          tsl18cio150_max 1.0
  Operating conditions:   tsl18cio150_max (worst_case_tree)
  Wireload mode:          enclosed
  Area mode:              timing library
============================================================

                                 Leakage  
  Gate    Instances    Area    Power (nW)        Library       
---------------------------------------------------------------
an02d1            8    125.440      1.817    tsl18fs120_scl_ss 
aoi22d1          64   1204.480      4.959    tsl18fs120_scl_ss 
aor211d1          8    200.720      4.114    tsl18fs120_scl_ss 
dfnrq1          136   8102.880    107.046    tsl18fs120_scl_ss 
inv0d0           11     68.970      1.626    tsl18fs120_scl_ss 
invbd2            1     15.680      0.166    tsl18fs120_scl_ss 
mx02d1          128   3211.520     46.221    tsl18fs120_scl_ss 
nd02d0            1     12.540      0.029    tsl18fs120_scl_ss 
nd02d1           12    150.480      0.398    tsl18fs120_scl_ss 
nd04d1           16    301.120      0.328    tsl18fs120_scl_ss 
nd12d1            3     47.040      0.496    tsl18fs120_scl_ss 
nr02d1           26    326.040      4.524    tsl18fs120_scl_ss 
or02d1            6     94.080      2.022    tsl18fs120_scl_ss 
pc3b01            8  10363.521   3323.021    tsl18cio150_max   
pc3c01            1   1295.440     61.979    tsl18cio150_max   
pc3d01            7   9068.080   2724.877    tsl18cio150_max   
---------------------------------------------------------------
total           436  34588.031   6283.621                      


                                                    Leakage  Leakage 
     Library      Instances Instances %    Area   Power (nW) Power % 
---------------------------------------------------------------------
tsl18cio150_max          16         3.7 20727.041   6109.876    97.2 
tsl18fs120_scl_ss       420        96.3 13860.990    173.745     2.8 

                                            Leakage  Leakage 
     Type      Instances    Area   Area % Power (nW) Power % 
-------------------------------------------------------------
timing_model          16 20727.041   59.9   6109.876    97.2 
sequential           136  8102.880   23.4    107.046     1.7 
inverter              12    84.650    0.2      1.792     0.0 
logic                272  5673.460   16.4     64.907     1.0 
physical_cells         0     0.000    0.0      0.000     0.0 
-------------------------------------------------------------
total                436 34588.031  100.0   6283.621   100.0 

