

Working Directory = /run/media/user1/c2s/sriram/singlePortRAM/07_singlePortRAM_Synthesis
QoS Summary for single_port_ram
==========================================================================================
Metric                          generic         map             syn_opt         final          
==========================================================================================
Slack (ps):                    -4,417          -4,466          -4,463          -4,463
  R2R (ps):                    11,182          10,437           9,932           9,932
  I2R (ps):                     3,027           1,003             921             921
  R2O (ps):                     2,035           1,923           1,926           1,926
  I2O (ps):                    -4,417          -4,466          -4,463          -4,463
  CG  (ps):                  no_value        no_value        no_value        no_value
TNS (ps):                     -35,336         -35,728         -35,705         -35,705
  R2R (ps):                         0               0               0               0
  I2R (ps):                         0               0               0               0
  R2O (ps):                         0               0               0               0
  I2O (ps):                   -35,336         -35,728         -35,705         -35,705
  CG  (ps):                  no_value        no_value        no_value        no_value
Failing Paths:                      8               8               8               8
Cell Area:                     38,305          37,516          36,769          36,769
Total Cell Area:               38,305          37,516          36,769          36,769
Leaf Instances:                   373             469             453             453
Total Instances:                  373             469             453             453
Utilization (%):                 0.00            0.00            0.00            0.00
Tot. Net Length (um):        no_value        no_value        no_value        no_value
Avg. Net Length (um):        no_value        no_value        no_value        no_value
Route Overflow H (%):        no_value        no_value        no_value        no_value
Route Overflow V (%):        no_value        no_value        no_value        no_value
MBCI(%) (bits/gate) :            0.00            0.00            0.00            0.00
Norm Cong Hotspot Area:
  Max Cong:                  no_value        no_value        no_value        no_value
  Tot Cong:                  no_value        no_value        no_value        no_value
==========================================================================================
CPU  Runtime (h:m:s):        00:30:12        00:30:09        00:30:02        00:30:00
Real Runtime (h:m:s):        00:30:19        00:30:04        00:30:02        00:30:01
CPU  Elapsed (h:m:s):        00:30:17        00:30:26        00:30:28        00:30:28
Real Elapsed (h:m:s):        00:30:21        00:30:25        00:30:27        00:30:28
Memory (MB):                  1657.09         1668.55         1669.37         1677.38
==========================================================================================
==========================================================================================
Flow Settings:
==========================================================================================
Total Runtime (h:m:s): 00:30:26
Total Memory (MB):     1677.38
Executable Version:    21.18-s082_1
==========================================================================================
Total Cell Area =  Cell Area + Physical Cell Area
Total Instances =  Leaf Instances + Physical Instances


