============================================================
  Generated by:           Genus(TM) Synthesis Solution 21.18-s082_1
  Generated on:           Jul 12 2024  12:47:01 pm
  Module:                 single_port_ram
  Technology libraries:   tsl18fs120_scl_ss 1
                          tsl18cio150_max 1.0
  Operating conditions:   tsl18cio150_max (worst_case_tree)
  Wireload mode:          enclosed
  Area mode:              timing library
============================================================

Timing
--------

    Clock     Period 
---------------------
clk          15000.0 
wr_vir_clk_i 15000.0 


    Cost       Critical         Violating 
    Group     Path Slack  TNS     Paths   
------------------------------------------
clk             No paths   0.0            
default         No paths   0.0            
I2O             No paths   0.0            
I2R               3039.5   0.0          0 
R2O               2181.0   0.0          0 
R2R              10906.9   0.0          0 
wr_vir_clk_i    No paths   0.0            
------------------------------------------
Total                      0.0          0 

Instance Count
--------------
Leaf Instance Count             472 
Physical Instance count           0 
Sequential Instance Count       136 
Combinational Instance Count    336 
Hierarchical Instance Count       1 

Area
----
Cell Area                          37510.211
Physical Cell Area                 0.000
Total Cell Area (Cell+Physical)    37510.211
Net Area                           4.302
Total Area (Cell+Physical+Net)     37514.513

Runtime                            0.0 seconds
Elapsed Runtime                    45 seconds
Genus peak memory usage            1664.12 
Innovus peak memory usage          no_value 
Hostname                           localhost
